[debug] [2022-09-03T21:27:22.291Z] ----------------------------------------------------------------------
[debug] [2022-09-03T21:27:22.292Z] Command:       /usr/local/bin/firebase /Users/joshuarosen/.cache/firebase/tools/lib/node_modules/firebase-tools/lib/bin/firebase emulators:start
[debug] [2022-09-03T21:27:22.293Z] CLI Version:   11.8.0
[debug] [2022-09-03T21:27:22.293Z] Platform:      darwin
[debug] [2022-09-03T21:27:22.293Z] Node Version:  v16.16.0
[debug] [2022-09-03T21:27:22.294Z] Time:          Sat Sep 03 2022 14:27:22 GMT-0700 (Pacific Daylight Time)
[debug] [2022-09-03T21:27:22.294Z] ----------------------------------------------------------------------
[debug] 
[debug] [2022-09-03T21:27:22.389Z] > command requires scopes: ["email","openid","https://www.googleapis.com/auth/cloudplatformprojects.readonly","https://www.googleapis.com/auth/firebase","https://www.googleapis.com/auth/cloud-platform"]
[debug] [2022-09-03T21:27:22.390Z] > authorizing via signed-in user (jsh.m.rsn@gmail.com)
[debug] [2022-09-03T21:27:22.454Z] openjdk version "11.0.15-preview" 2022-04-19

[debug] [2022-09-03T21:27:22.458Z] OpenJDK Runtime Environment Corretto-11.0.15.2.1 (build 11.0.15-preview+2)
OpenJDK 64-Bit Server VM Corretto-11.0.15.2.1 (build 11.0.15-preview+2, mixed mode)

[debug] [2022-09-03T21:27:22.464Z] Parsed Java major version: 11
[info] i  emulators: Starting emulators: auth, functions, firestore, hosting {"metadata":{"emulator":{"name":"hub"},"message":"Starting emulators: auth, functions, firestore, hosting"}}
[debug] [2022-09-03T21:27:22.489Z] [hub] writing locator at /var/folders/qr/gxlrzjfj6nn0b3wrxshj8wvm0000gn/T/hub-f3demo-1e9ca.json
[warn] ⚠  functions: The following emulators are not running, calls to these services from the Functions emulator will affect production: database, pubsub, storage, eventarc {"metadata":{"emulator":{"name":"functions"},"message":"The following emulators are not running, calls to these services from the Functions emulator will affect production: \u001b[1mdatabase, pubsub, storage, eventarc\u001b[22m"}}
[info] ✔  functions: Using node@16 from host. {"metadata":{"emulator":{"name":"functions"},"message":"Using node@16 from host."}}
[debug] [2022-09-03T21:27:22.528Z] defaultcredentials: writing to file /Users/joshuarosen/.config/firebase/jsh_m.rsn_gmail.com_application_default_credentials.json
[debug] [2022-09-03T21:27:22.535Z] Setting GAC to /Users/joshuarosen/.config/firebase/jsh_m.rsn_gmail.com_application_default_credentials.json {"metadata":{"emulator":{"name":"functions"},"message":"Setting GAC to /Users/joshuarosen/.config/firebase/jsh_m.rsn_gmail.com_application_default_credentials.json"}}
[debug] [2022-09-03T21:27:22.538Z] >>> [apiv2][query] GET https://firebase.googleapis.com/v1beta1/projects/f3demo-1e9ca/adminSdkConfig [none]
[debug] [2022-09-03T21:27:22.716Z] <<< [apiv2][status] GET https://firebase.googleapis.com/v1beta1/projects/f3demo-1e9ca/adminSdkConfig 200
[debug] [2022-09-03T21:27:22.718Z] <<< [apiv2][body] GET https://firebase.googleapis.com/v1beta1/projects/f3demo-1e9ca/adminSdkConfig {"projectId":"f3demo-1e9ca","storageBucket":"f3demo-1e9ca.appspot.com","locationId":"us-west2"}
[debug] [2022-09-03T21:27:22.773Z] Ignoring unsupported arg: projectId {"metadata":{"emulator":{"name":"firestore"},"message":"Ignoring unsupported arg: projectId"}}
[debug] [2022-09-03T21:27:22.774Z] Ignoring unsupported arg: auto_download {"metadata":{"emulator":{"name":"firestore"},"message":"Ignoring unsupported arg: auto_download"}}
[debug] [2022-09-03T21:27:22.774Z] Starting Firestore Emulator with command {"binary":"java","args":["-Dgoogle.cloud_firestore.debug_log_level=FINE","-Duser.language=en","-jar","/Users/joshuarosen/.cache/firebase/emulators/cloud-firestore-emulator-v1.14.4.jar","--host","localhost","--port",8080,"--rules","/Users/base/f3/f3-app/firestore.rules","--functions_emulator","localhost:5001"],"optionalArgs":["port","webchannel_port","host","rules","functions_emulator","seed_from_export"],"joinArgs":false} {"metadata":{"emulator":{"name":"firestore"},"message":"Starting Firestore Emulator with command {\"binary\":\"java\",\"args\":[\"-Dgoogle.cloud_firestore.debug_log_level=FINE\",\"-Duser.language=en\",\"-jar\",\"/Users/joshuarosen/.cache/firebase/emulators/cloud-firestore-emulator-v1.14.4.jar\",\"--host\",\"localhost\",\"--port\",8080,\"--rules\",\"/Users/base/f3/f3-app/firestore.rules\",\"--functions_emulator\",\"localhost:5001\"],\"optionalArgs\":[\"port\",\"webchannel_port\",\"host\",\"rules\",\"functions_emulator\",\"seed_from_export\"],\"joinArgs\":false}"}}
[info] i  firestore: Firestore Emulator logging to firestore-debug.log {"metadata":{"emulator":{"name":"firestore"},"message":"Firestore Emulator logging to \u001b[1mfirestore-debug.log\u001b[22m"}}
[debug] [2022-09-03T21:27:23.269Z] Sep 03, 2022 2:27:23 PM com.google.cloud.datastore.emulator.firestore.websocket.WebSocketServer start
INFO: Started WebSocket server on ws://localhost:60273
 {"metadata":{"emulator":{"name":"firestore"},"message":"Sep 03, 2022 2:27:23 PM com.google.cloud.datastore.emulator.firestore.websocket.WebSocketServer start\nINFO: Started WebSocket server on ws://localhost:60273\n"}}
[debug] [2022-09-03T21:27:23.280Z] API endpoint: http://localhost:8080
If you are using a library that supports the FIRESTORE_EMULATOR_HOST environment variable, run:
 {"metadata":{"emulator":{"name":"firestore"},"message":"API endpoint: http://localhost:8080\nIf you are using a library that supports the FIRESTORE_EMULATOR_HOST environment variable, run:\n"}}
[debug] [2022-09-03T21:27:23.280Z] 
   export FIRESTORE_EMULATOR_HOST=localhost:8080

Dev App Server is now running.

 {"metadata":{"emulator":{"name":"firestore"},"message":"\n   export FIRESTORE_EMULATOR_HOST=localhost:8080\n\nDev App Server is now running.\n\n"}}
[debug] [2022-09-03T21:27:28.266Z] Sep 03, 2022 2:27:24 PM io.gapi.emulators.netty.HttpVersionRoutingHandler channelRead
INFO: Detected non-HTTP/2 connection.
Sep 03, 2022 2:27:24 PM io.gapi.emulators.netty.HttpVersionRoutingHandler channelRead
INFO: Detected non-HTTP/2 connection.
Sep 03, 2022 2:27:24 PM io.gapi.emulators.netty.HttpVersionRoutingHandler channelRead
INFO: Detected non-HTTP/2 connection.
Sep 03, 2022 2:27:24 PM io.gapi.emulators.netty.HttpVersionRoutingHandler channelRead
INFO: Detected non-HTTP/2 connection.
 {"metadata":{"emulator":{"name":"firestore"},"message":"Sep 03, 2022 2:27:24 PM io.gapi.emulators.netty.HttpVersionRoutingHandler channelRead\nINFO: Detected non-HTTP/2 connection.\nSep 03, 2022 2:27:24 PM io.gapi.emulators.netty.HttpVersionRoutingHandler channelRead\nINFO: Detected non-HTTP/2 connection.\nSep 03, 2022 2:27:24 PM io.gapi.emulators.netty.HttpVersionRoutingHandler channelRead\nINFO: Detected non-HTTP/2 connection.\nSep 03, 2022 2:27:24 PM io.gapi.emulators.netty.HttpVersionRoutingHandler channelRead\nINFO: Detected non-HTTP/2 connection.\n"}}
[debug] [2022-09-03T21:27:28.540Z] >>> [apiv2][query] GET https://firebasehosting.googleapis.com/v1beta1/projects/f3demo-1e9ca/sites 
[debug] [2022-09-03T21:27:29.393Z] <<< [apiv2][status] GET https://firebasehosting.googleapis.com/v1beta1/projects/f3demo-1e9ca/sites 200
[debug] [2022-09-03T21:27:29.393Z] <<< [apiv2][body] GET https://firebasehosting.googleapis.com/v1beta1/projects/f3demo-1e9ca/sites {"sites":[{"name":"projects/f3demo-1e9ca/sites/f3demo-1e9ca","defaultUrl":"https://f3demo-1e9ca.web.app","type":"DEFAULT_SITE"}]}
[debug] [2022-09-03T21:27:29.394Z] >>> [apiv2][query] GET https://firebase.googleapis.com/v1beta1/projects/f3demo-1e9ca/webApps/-/config [none]
[debug] [2022-09-03T21:27:29.802Z] <<< [apiv2][status] GET https://firebase.googleapis.com/v1beta1/projects/f3demo-1e9ca/webApps/-/config 200
[debug] [2022-09-03T21:27:29.803Z] <<< [apiv2][body] GET https://firebase.googleapis.com/v1beta1/projects/f3demo-1e9ca/webApps/-/config {"projectId":"f3demo-1e9ca","appId":"1:139030022891:web:2f65b03f4233b2b6830cae","storageBucket":"f3demo-1e9ca.appspot.com","locationId":"us-west2","apiKey":"AIzaSyA8c7S9GuMLZI9Wd3ioG0_g6vTR_G7pC_E","authDomain":"f3demo-1e9ca.firebaseapp.com","messagingSenderId":"139030022891","measurementId":"G-97J7M9J9WS"}
[info] i  hosting: Serving hosting files from: web/build {"metadata":{"emulator":{"name":"hosting"},"message":"Serving hosting files from: \u001b[1mweb/build\u001b[22m"}}
[info] ✔  hosting: Local server: http://localhost:5551 {"metadata":{"emulator":{"name":"hosting"},"message":"Local server: \u001b[4m\u001b[1mhttp://localhost:5551\u001b[22m\u001b[24m"}}
[debug] [2022-09-03T21:27:30.101Z] Ignoring unsupported arg: auto_download {"metadata":{"emulator":{"name":"ui"},"message":"Ignoring unsupported arg: auto_download"}}
[debug] [2022-09-03T21:27:30.102Z] Ignoring unsupported arg: port {"metadata":{"emulator":{"name":"ui"},"message":"Ignoring unsupported arg: port"}}
[debug] [2022-09-03T21:27:30.102Z] Starting Emulator UI with command {"binary":"node","args":["/Users/joshuarosen/.cache/firebase/emulators/ui-v1.9.0/server/server.js"],"optionalArgs":[],"joinArgs":false} {"metadata":{"emulator":{"name":"ui"},"message":"Starting Emulator UI with command {\"binary\":\"node\",\"args\":[\"/Users/joshuarosen/.cache/firebase/emulators/ui-v1.9.0/server/server.js\"],\"optionalArgs\":[],\"joinArgs\":false}"}}
[info] i  ui: Emulator UI logging to ui-debug.log {"metadata":{"emulator":{"name":"ui"},"message":"Emulator UI logging to \u001b[1mui-debug.log\u001b[22m"}}
[debug] [2022-09-03T21:27:30.267Z] Web / API server started at localhost:4000
 {"metadata":{"emulator":{"name":"ui"},"message":"Web / API server started at localhost:4000\n"}}
[info] i  functions: Watching "/Users/base/f3/f3-app/functions" for Cloud Functions... {"metadata":{"emulator":{"name":"functions"},"message":"Watching \"/Users/base/f3/f3-app/functions\" for Cloud Functions..."}}
[debug] [2022-09-03T21:27:30.384Z] Validating nodejs source
[debug] [2022-09-03T21:27:32.663Z] > [functions] package.json contents: {
  "name": "functions",
  "scripts": {
    "build": "tsc",
    "build:watch": "tsc --watch",
    "serve": "npm run build && firebase emulators:start --only functions",
    "shell": "npm run build && firebase functions:shell",
    "start": "npm run shell",
    "deploy": "firebase deploy --only functions",
    "logs": "firebase functions:log"
  },
  "engines": {
    "node": "16"
  },
  "main": "lib/index.js",
  "dependencies": {
    "firebase-admin": "^10.0.2",
    "firebase-functions": "^3.18.0"
  },
  "devDependencies": {
    "firebase-functions-test": "^0.2.0",
    "typescript": "^4.5.4"
  },
  "private": true
}
[error] ⬢  functions: Failed to load function definition from source: FirebaseError: There was an error reading functions/package.json:

 functions/lib/index.js does not exist, can't deploy Cloud Functions {"metadata":{"emulator":{"name":"functions"},"message":"Failed to load function definition from source: FirebaseError: There was an error reading functions/package.json:\n\n functions/lib/index.js does not exist, can't deploy Cloud Functions"}}
[info] 
┌─────────────────────────────────────────────────────────────┐
│ ✔  All emulators ready! It is now safe to connect your app. │
│ i  View Emulator UI at http://localhost:4000                │
└─────────────────────────────────────────────────────────────┘

┌────────────────┬────────────────┬─────────────────────────────────┐
│ Emulator       │ Host:Port      │ View in Emulator UI             │
├────────────────┼────────────────┼─────────────────────────────────┤
│ Authentication │ localhost:9099 │ http://localhost:4000/auth      │
├────────────────┼────────────────┼─────────────────────────────────┤
│ Functions      │ localhost:5001 │ http://localhost:4000/functions │
├────────────────┼────────────────┼─────────────────────────────────┤
│ Firestore      │ localhost:8080 │ http://localhost:4000/firestore │
├────────────────┼────────────────┼─────────────────────────────────┤
│ Hosting        │ localhost:5551 │ n/a                             │
└────────────────┴────────────────┴─────────────────────────────────┘
  Emulator Hub running at localhost:4400
  Other reserved ports: 4500

Issues? Report them at https://github.com/firebase/firebase-tools/issues and attach the *-debug.log files.
 
[debug] [2022-09-03T21:28:24.529Z] Sep 03, 2022 2:28:24 PM io.gapi.emulators.netty.HttpVersionRoutingHandler channelRead
INFO: Detected non-HTTP/2 connection.
 {"metadata":{"emulator":{"name":"firestore"},"message":"Sep 03, 2022 2:28:24 PM io.gapi.emulators.netty.HttpVersionRoutingHandler channelRead\nINFO: Detected non-HTTP/2 connection.\n"}}
[debug] [2022-09-03T21:28:55.101Z] File /Users/base/f3/f3-app/functions/src/api-handlers.ts changed, reloading triggers {"metadata":{"emulator":{"name":"functions"},"message":"File /Users/base/f3/f3-app/functions/src/api-handlers.ts changed, reloading triggers"}}
[debug] [2022-09-03T21:28:56.119Z] Validating nodejs source
[debug] [2022-09-03T21:28:58.625Z] > [functions] package.json contents: {
  "name": "functions",
  "scripts": {
    "build": "tsc",
    "build:watch": "tsc --watch",
    "serve": "npm run build && firebase emulators:start --only functions",
    "shell": "npm run build && firebase functions:shell",
    "start": "npm run shell",
    "deploy": "firebase deploy --only functions",
    "logs": "firebase functions:log"
  },
  "engines": {
    "node": "16"
  },
  "main": "lib/index.js",
  "dependencies": {
    "firebase-admin": "^10.0.2",
    "firebase-functions": "^3.18.0"
  },
  "devDependencies": {
    "firebase-functions-test": "^0.2.0",
    "typescript": "^4.5.4"
  },
  "private": true
}
[error] ⬢  functions: Failed to load function definition from source: FirebaseError: There was an error reading functions/package.json:

 functions/lib/index.js does not exist, can't deploy Cloud Functions {"metadata":{"emulator":{"name":"functions"},"message":"Failed to load function definition from source: FirebaseError: There was an error reading functions/package.json:\n\n functions/lib/index.js does not exist, can't deploy Cloud Functions"}}
[debug] [2022-09-03T21:29:00.850Z] File /Users/base/f3/f3-app/functions/lib/api-interfaces/api-interfaces.js changed, reloading triggers {"metadata":{"emulator":{"name":"functions"},"message":"File /Users/base/f3/f3-app/functions/lib/api-interfaces/api-interfaces.js changed, reloading triggers"}}
[debug] [2022-09-03T21:29:00.850Z] File /Users/base/f3/f3-app/functions/lib/api-interfaces/api-interfaces.js.map changed, reloading triggers {"metadata":{"emulator":{"name":"functions"},"message":"File /Users/base/f3/f3-app/functions/lib/api-interfaces/api-interfaces.js.map changed, reloading triggers"}}
[debug] [2022-09-03T21:29:01.856Z] Validating nodejs source
[debug] [2022-09-03T21:29:04.179Z] > [functions] package.json contents: {
  "name": "functions",
  "scripts": {
    "build": "tsc",
    "build:watch": "tsc --watch",
    "serve": "npm run build && firebase emulators:start --only functions",
    "shell": "npm run build && firebase functions:shell",
    "start": "npm run shell",
    "deploy": "firebase deploy --only functions",
    "logs": "firebase functions:log"
  },
  "engines": {
    "node": "16"
  },
  "main": "lib/index.js",
  "dependencies": {
    "firebase-admin": "^10.0.2",
    "firebase-functions": "^3.18.0"
  },
  "devDependencies": {
    "firebase-functions-test": "^0.2.0",
    "typescript": "^4.5.4"
  },
  "private": true
}
[debug] [2022-09-03T21:29:04.179Z] Building nodejs source
[debug] [2022-09-03T21:29:04.179Z] Analyzing nodejs backend spec
[debug] [2022-09-03T21:29:04.180Z] Could not find functions.yaml. Must use http discovery
[debug] [2022-09-03T21:29:04.646Z] Serving at port 9006

[debug] [2022-09-03T21:29:04.699Z] Got response from /__/functions.yaml {"endpoints":{"api":{"platform":"gcfv1","labels":{},"callableTrigger":{},"entryPoint":"api"}},"specVersion":"v1alpha1","requiredAPIs":[]}
[debug] [2022-09-03T21:29:04.708Z] shutdown requested via /__/quitquitquit

[info] ✔  functions: Loaded functions definitions from source: api. {"metadata":{"emulator":{"name":"functions"},"message":"Loaded functions definitions from source: api."}}
[info] ✔  functions[us-central1-api]: http function initialized (http://localhost:5001/f3demo-1e9ca/us-central1/api). {"metadata":{"emulator":{"name":"functions"},"message":"\u001b[1mhttp\u001b[22m function initialized (http://localhost:5001/f3demo-1e9ca/us-central1/api)."}}
[debug] [2022-09-03T21:29:24.571Z] Sep 03, 2022 2:29:24 PM io.gapi.emulators.netty.HttpVersionRoutingHandler channelRead
INFO: Detected non-HTTP/2 connection.
 {"metadata":{"emulator":{"name":"firestore"},"message":"Sep 03, 2022 2:29:24 PM io.gapi.emulators.netty.HttpVersionRoutingHandler channelRead\nINFO: Detected non-HTTP/2 connection.\n"}}
[debug] [2022-09-03T21:30:07.096Z] >>> [apiv2][query] POST http://localhost:5001/functions/projects/f3demo-1e9ca/trigger_multicast [none]
[debug] [2022-09-03T21:30:07.096Z] >>> [apiv2][body] POST http://localhost:5001/functions/projects/f3demo-1e9ca/trigger_multicast {"eventId":"06d81805-a040-4d4e-a8b4-5be17608d999","eventType":"providers/firebase.auth/eventTypes/user.create","resource":{"name":"projects/f3demo-1e9ca","service":"firebaseauth.googleapis.com"},"params":{},"timestamp":"2022-09-03T21:30:07.095Z","data":{"uid":"9xoMwNHg0PnBHFDqlYTk2F2TCD2u","metadata":{"creationTime":"2022-09-03T21:30:07.094Z","lastSignInTime":"2022-09-03T21:30:07.094Z"},"customClaims":{}}}
[debug] [2022-09-03T21:30:07.109Z] >>> [apiv2][query] POST http://localhost:5001/functions/projects/f3demo-1e9ca/trigger_multicast [none]
[debug] [2022-09-03T21:30:07.109Z] >>> [apiv2][body] POST http://localhost:5001/functions/projects/f3demo-1e9ca/trigger_multicast {"eventId":"3abb5717-7e9a-434d-9ce2-3b2202671795","eventType":"providers/firebase.auth/eventTypes/user.create","resource":{"name":"projects/f3demo-1e9ca","service":"firebaseauth.googleapis.com"},"params":{},"timestamp":"2022-09-03T21:30:07.109Z","data":{"uid":"V6ZhwPXZmMOJhSKjgUNJ5uXHWZsM","metadata":{"creationTime":"2022-09-03T21:30:07.108Z","lastSignInTime":"2022-09-03T21:30:07.108Z"},"customClaims":{}}}
[debug] [2022-09-03T21:30:07.136Z] <<< [apiv2][status] POST http://localhost:5001/functions/projects/f3demo-1e9ca/trigger_multicast 200
[debug] [2022-09-03T21:30:07.136Z] <<< [apiv2][body] POST http://localhost:5001/functions/projects/f3demo-1e9ca/trigger_multicast {"status":"multicast_acknowledged"}
[debug] [2022-09-03T21:30:07.136Z] <<< [apiv2][status] POST http://localhost:5001/functions/projects/f3demo-1e9ca/trigger_multicast 200
[debug] [2022-09-03T21:30:07.137Z] <<< [apiv2][body] POST http://localhost:5001/functions/projects/f3demo-1e9ca/trigger_multicast {"status":"multicast_acknowledged"}
[debug] [2022-09-03T21:30:07.163Z] Sep 03, 2022 2:30:07 PM io.gapi.emulators.netty.HttpVersionRoutingHandler channelRead
INFO: Detected non-HTTP/2 connection.
 {"metadata":{"emulator":{"name":"firestore"},"message":"Sep 03, 2022 2:30:07 PM io.gapi.emulators.netty.HttpVersionRoutingHandler channelRead\nINFO: Detected non-HTTP/2 connection.\n"}}
[debug] [2022-09-03T21:30:07.245Z] Sep 03, 2022 2:30:07 PM io.gapi.emulators.netty.HttpVersionRoutingHandler channelRead
INFO: Detected non-HTTP/2 connection.
 {"metadata":{"emulator":{"name":"firestore"},"message":"Sep 03, 2022 2:30:07 PM io.gapi.emulators.netty.HttpVersionRoutingHandler channelRead\nINFO: Detected non-HTTP/2 connection.\n"}}
[debug] [2022-09-03T21:30:07.262Z] Sep 03, 2022 2:30:07 PM io.gapi.emulators.netty.HttpVersionRoutingHandler channelRead
INFO: Detected non-HTTP/2 connection.
 {"metadata":{"emulator":{"name":"firestore"},"message":"Sep 03, 2022 2:30:07 PM io.gapi.emulators.netty.HttpVersionRoutingHandler channelRead\nINFO: Detected non-HTTP/2 connection.\n"}}
[debug] [2022-09-03T21:30:16.398Z] Sep 03, 2022 2:30:16 PM io.gapi.emulators.netty.HttpVersionRoutingHandler channelRead
INFO: Detected non-HTTP/2 connection.
 {"metadata":{"emulator":{"name":"firestore"},"message":"Sep 03, 2022 2:30:16 PM io.gapi.emulators.netty.HttpVersionRoutingHandler channelRead\nINFO: Detected non-HTTP/2 connection.\n"}}
[debug] [2022-09-03T21:30:16.422Z] Sep 03, 2022 2:30:16 PM io.gapi.emulators.netty.HttpVersionRoutingHandler channelRead
INFO: Detected non-HTTP/2 connection.
 {"metadata":{"emulator":{"name":"firestore"},"message":"Sep 03, 2022 2:30:16 PM io.gapi.emulators.netty.HttpVersionRoutingHandler channelRead\nINFO: Detected non-HTTP/2 connection.\n"}}
[debug] [2022-09-03T21:30:16.439Z] Sep 03, 2022 2:30:16 PM io.gapi.emulators.netty.HttpVersionRoutingHandler channelRead
INFO: Detected non-HTTP/2 connection.
 {"metadata":{"emulator":{"name":"firestore"},"message":"Sep 03, 2022 2:30:16 PM io.gapi.emulators.netty.HttpVersionRoutingHandler channelRead\nINFO: Detected non-HTTP/2 connection.\n"}}
[debug] [2022-09-03T21:30:24.636Z] Sep 03, 2022 2:30:24 PM io.gapi.emulators.netty.HttpVersionRoutingHandler channelRead
INFO: Detected non-HTTP/2 connection.
 {"metadata":{"emulator":{"name":"firestore"},"message":"Sep 03, 2022 2:30:24 PM io.gapi.emulators.netty.HttpVersionRoutingHandler channelRead\nINFO: Detected non-HTTP/2 connection.\n"}}
[debug] [2022-09-03T21:30:27.046Z] File /Users/base/f3/f3-app/functions/src/api-handlers.ts changed, reloading triggers {"metadata":{"emulator":{"name":"functions"},"message":"File /Users/base/f3/f3-app/functions/src/api-handlers.ts changed, reloading triggers"}}
[debug] [2022-09-03T21:30:28.056Z] Validating nodejs source
[debug] [2022-09-03T21:30:30.655Z] > [functions] package.json contents: {
  "name": "functions",
  "scripts": {
    "build": "tsc",
    "build:watch": "tsc --watch",
    "serve": "npm run build && firebase emulators:start --only functions",
    "shell": "npm run build && firebase functions:shell",
    "start": "npm run shell",
    "deploy": "firebase deploy --only functions",
    "logs": "firebase functions:log"
  },
  "engines": {
    "node": "16"
  },
  "main": "lib/index.js",
  "dependencies": {
    "firebase-admin": "^10.0.2",
    "firebase-functions": "^3.18.0"
  },
  "devDependencies": {
    "firebase-functions-test": "^0.2.0",
    "typescript": "^4.5.4"
  },
  "private": true
}
[debug] [2022-09-03T21:30:30.655Z] Building nodejs source
[debug] [2022-09-03T21:30:30.655Z] Analyzing nodejs backend spec
[debug] [2022-09-03T21:30:30.656Z] Could not find functions.yaml. Must use http discovery
[debug] [2022-09-03T21:30:31.153Z] Serving at port 9006

[debug] [2022-09-03T21:30:31.209Z] Got response from /__/functions.yaml {"endpoints":{"api":{"platform":"gcfv1","labels":{},"callableTrigger":{},"entryPoint":"api"}},"specVersion":"v1alpha1","requiredAPIs":[]}
[debug] [2022-09-03T21:30:31.217Z] shutdown requested via /__/quitquitquit

[info] ✔  functions: Loaded functions definitions from source: api. {"metadata":{"emulator":{"name":"functions"},"message":"Loaded functions definitions from source: api."}}
[debug] [2022-09-03T21:30:37.115Z] File /Users/base/f3/f3-app/functions/lib/api-handlers.js.map changed, reloading triggers {"metadata":{"emulator":{"name":"functions"},"message":"File /Users/base/f3/f3-app/functions/lib/api-handlers.js.map changed, reloading triggers"}}
[debug] [2022-09-03T21:30:37.116Z] File /Users/base/f3/f3-app/functions/lib/index.js.map changed, reloading triggers {"metadata":{"emulator":{"name":"functions"},"message":"File /Users/base/f3/f3-app/functions/lib/index.js.map changed, reloading triggers"}}
[debug] [2022-09-03T21:30:37.116Z] File /Users/base/f3/f3-app/functions/lib/index.js changed, reloading triggers {"metadata":{"emulator":{"name":"functions"},"message":"File /Users/base/f3/f3-app/functions/lib/index.js changed, reloading triggers"}}
[debug] [2022-09-03T21:30:37.116Z] File /Users/base/f3/f3-app/functions/lib/api-handlers.js changed, reloading triggers {"metadata":{"emulator":{"name":"functions"},"message":"File /Users/base/f3/f3-app/functions/lib/api-handlers.js changed, reloading triggers"}}
[debug] [2022-09-03T21:30:38.130Z] Validating nodejs source
[debug] [2022-09-03T21:30:40.686Z] > [functions] package.json contents: {
  "name": "functions",
  "scripts": {
    "build": "tsc",
    "build:watch": "tsc --watch",
    "serve": "npm run build && firebase emulators:start --only functions",
    "shell": "npm run build && firebase functions:shell",
    "start": "npm run shell",
    "deploy": "firebase deploy --only functions",
    "logs": "firebase functions:log"
  },
  "engines": {
    "node": "16"
  },
  "main": "lib/index.js",
  "dependencies": {
    "firebase-admin": "^10.0.2",
    "firebase-functions": "^3.18.0"
  },
  "devDependencies": {
    "firebase-functions-test": "^0.2.0",
    "typescript": "^4.5.4"
  },
  "private": true
}
[debug] [2022-09-03T21:30:40.687Z] Building nodejs source
[debug] [2022-09-03T21:30:40.687Z] Analyzing nodejs backend spec
[debug] [2022-09-03T21:30:40.688Z] Could not find functions.yaml. Must use http discovery
[debug] [2022-09-03T21:30:40.780Z] Sep 03, 2022 2:30:40 PM io.gapi.emulators.netty.HttpVersionRoutingHandler channelRead
INFO: Detected non-HTTP/2 connection.
 {"metadata":{"emulator":{"name":"firestore"},"message":"Sep 03, 2022 2:30:40 PM io.gapi.emulators.netty.HttpVersionRoutingHandler channelRead\nINFO: Detected non-HTTP/2 connection.\n"}}
[debug] [2022-09-03T21:30:40.794Z] Sep 03, 2022 2:30:40 PM io.gapi.emulators.netty.HttpVersionRoutingHandler channelRead
INFO: Detected non-HTTP/2 connection.
 {"metadata":{"emulator":{"name":"firestore"},"message":"Sep 03, 2022 2:30:40 PM io.gapi.emulators.netty.HttpVersionRoutingHandler channelRead\nINFO: Detected non-HTTP/2 connection.\n"}}
[debug] [2022-09-03T21:30:40.804Z] Sep 03, 2022 2:30:40 PM io.gapi.emulators.netty.HttpVersionRoutingHandler channelRead
INFO: Detected non-HTTP/2 connection.
 {"metadata":{"emulator":{"name":"firestore"},"message":"Sep 03, 2022 2:30:40 PM io.gapi.emulators.netty.HttpVersionRoutingHandler channelRead\nINFO: Detected non-HTTP/2 connection.\n"}}
[debug] [2022-09-03T21:30:41.159Z] Serving at port 9006

[debug] [2022-09-03T21:30:41.203Z] Got response from /__/functions.yaml {"endpoints":{"api":{"platform":"gcfv1","labels":{},"callableTrigger":{},"entryPoint":"api"}},"specVersion":"v1alpha1","requiredAPIs":[]}
[debug] [2022-09-03T21:30:41.209Z] shutdown requested via /__/quitquitquit

[info] ✔  functions: Loaded functions definitions from source: api. {"metadata":{"emulator":{"name":"functions"},"message":"Loaded functions definitions from source: api."}}
[debug] [2022-09-03T21:30:44.020Z] [work-queue] {"queueLength":1,"workRunningCount":0}
[debug] [2022-09-03T21:30:44.021Z] [work-queue] {"queueLength":0,"workRunningCount":1}
[debug] [2022-09-03T21:30:44.022Z] Accepted request OPTIONS /f3demo-1e9ca/us-central1/api --> us-central1-api
[debug] [2022-09-03T21:30:44.073Z] [worker-pool] addWorker(us-central1-api) {"metadata":{"emulator":{"name":"functions"},"message":"[worker-pool] addWorker(us-central1-api)"}}
[debug] [2022-09-03T21:30:44.074Z] [worker-pool] Adding worker with key us-central1-api, total=1 {"metadata":{"emulator":{"name":"functions"},"message":"[worker-pool] Adding worker with key us-central1-api, total=1"}}
[debug] [2022-09-03T21:30:44.074Z] [worker-pool] submitWork(triggerId=us-central1-api) {"metadata":{"emulator":{"name":"functions"},"message":"[worker-pool] submitWork(triggerId=us-central1-api)"}}
[debug] [2022-09-03T21:30:44.075Z] [worker-us-central1-api-258959a9-4bec-4f4a-b064-9c8041a922a2]: BUSY {"metadata":{"emulator":{"name":"functions"},"message":"[worker-us-central1-api-258959a9-4bec-4f4a-b064-9c8041a922a2]: BUSY"}}
[debug] [2022-09-03T21:30:45.034Z] [runtime-status] [21699] Resolved module firebase-admin {"declared":true,"installed":true,"version":"10.3.0","resolution":"/Users/base/f3/f3-app/functions/node_modules/firebase-admin/lib/index.js"} {"metadata":{"emulator":{"name":"functions"},"function":{"name":"us-central1-api"},"extension":{},"message":"[runtime-status] [21699] Resolved module firebase-admin {\"declared\":true,\"installed\":true,\"version\":\"10.3.0\",\"resolution\":\"/Users/base/f3/f3-app/functions/node_modules/firebase-admin/lib/index.js\"}"}}
[debug] [2022-09-03T21:30:45.037Z] [runtime-status] [21699] Resolved module firebase-functions {"declared":true,"installed":true,"version":"3.23.0","resolution":"/Users/base/f3/f3-app/functions/node_modules/firebase-functions/lib/index.js"} {"metadata":{"emulator":{"name":"functions"},"function":{"name":"us-central1-api"},"extension":{},"message":"[runtime-status] [21699] Resolved module firebase-functions {\"declared\":true,\"installed\":true,\"version\":\"3.23.0\",\"resolution\":\"/Users/base/f3/f3-app/functions/node_modules/firebase-functions/lib/index.js\"}"}}
[debug] [2022-09-03T21:30:45.037Z] [runtime-status] [21699] Outgoing network have been stubbed. [{"name":"http","status":"mocked"},{"name":"http","status":"mocked"},{"name":"https","status":"mocked"},{"name":"https","status":"mocked"},{"name":"net","status":"mocked"}] {"metadata":{"emulator":{"name":"functions"},"function":{"name":"us-central1-api"},"extension":{},"message":"[runtime-status] [21699] Outgoing network have been stubbed. [{\"name\":\"http\",\"status\":\"mocked\"},{\"name\":\"http\",\"status\":\"mocked\"},{\"name\":\"https\",\"status\":\"mocked\"},{\"name\":\"https\",\"status\":\"mocked\"},{\"name\":\"net\",\"status\":\"mocked\"}]"}}
[debug] [2022-09-03T21:30:45.038Z] [runtime-status] [21699] Resolved module firebase-functions {"declared":true,"installed":true,"version":"3.23.0","resolution":"/Users/base/f3/f3-app/functions/node_modules/firebase-functions/lib/index.js"} {"metadata":{"emulator":{"name":"functions"},"function":{"name":"us-central1-api"},"extension":{},"message":"[runtime-status] [21699] Resolved module firebase-functions {\"declared\":true,\"installed\":true,\"version\":\"3.23.0\",\"resolution\":\"/Users/base/f3/f3-app/functions/node_modules/firebase-functions/lib/index.js\"}"}}
[debug] [2022-09-03T21:30:45.056Z] [runtime-status] [21699] Checked functions.config() {"config":{}} {"metadata":{"emulator":{"name":"functions"},"function":{"name":"us-central1-api"},"extension":{},"message":"[runtime-status] [21699] Checked functions.config() {\"config\":{}}"}}
[debug] [2022-09-03T21:30:45.056Z] [runtime-status] [21699] firebase-functions has been stubbed. {"functionsResolution":{"declared":true,"installed":true,"version":"3.23.0","resolution":"/Users/base/f3/f3-app/functions/node_modules/firebase-functions/lib/index.js"}} {"metadata":{"emulator":{"name":"functions"},"function":{"name":"us-central1-api"},"extension":{},"message":"[runtime-status] [21699] firebase-functions has been stubbed. {\"functionsResolution\":{\"declared\":true,\"installed\":true,\"version\":\"3.23.0\",\"resolution\":\"/Users/base/f3/f3-app/functions/node_modules/firebase-functions/lib/index.js\"}}"}}
[debug] [2022-09-03T21:30:45.057Z] [runtime-status] [21699] Resolved module firebase-functions {"declared":true,"installed":true,"version":"3.23.0","resolution":"/Users/base/f3/f3-app/functions/node_modules/firebase-functions/lib/index.js"} {"metadata":{"emulator":{"name":"functions"},"function":{"name":"us-central1-api"},"extension":{},"message":"[runtime-status] [21699] Resolved module firebase-functions {\"declared\":true,\"installed\":true,\"version\":\"3.23.0\",\"resolution\":\"/Users/base/f3/f3-app/functions/node_modules/firebase-functions/lib/index.js\"}"}}
[debug] [2022-09-03T21:30:45.058Z] [runtime-status] [21699] Resolved module firebase-admin {"declared":true,"installed":true,"version":"10.3.0","resolution":"/Users/base/f3/f3-app/functions/node_modules/firebase-admin/lib/index.js"} {"metadata":{"emulator":{"name":"functions"},"function":{"name":"us-central1-api"},"extension":{},"message":"[runtime-status] [21699] Resolved module firebase-admin {\"declared\":true,\"installed\":true,\"version\":\"10.3.0\",\"resolution\":\"/Users/base/f3/f3-app/functions/node_modules/firebase-admin/lib/index.js\"}"}}
[debug] [2022-09-03T21:30:45.058Z] [runtime-status] [21699] Resolved module firebase-functions {"declared":true,"installed":true,"version":"3.23.0","resolution":"/Users/base/f3/f3-app/functions/node_modules/firebase-functions/lib/index.js"} {"metadata":{"emulator":{"name":"functions"},"function":{"name":"us-central1-api"},"extension":{},"message":"[runtime-status] [21699] Resolved module firebase-functions {\"declared\":true,\"installed\":true,\"version\":\"3.23.0\",\"resolution\":\"/Users/base/f3/f3-app/functions/node_modules/firebase-functions/lib/index.js\"}"}}
[debug] [2022-09-03T21:30:45.059Z] [runtime-status] [21699] firebase-admin has been stubbed. {"adminResolution":{"declared":true,"installed":true,"version":"10.3.0","resolution":"/Users/base/f3/f3-app/functions/node_modules/firebase-admin/lib/index.js"}} {"metadata":{"emulator":{"name":"functions"},"function":{"name":"us-central1-api"},"extension":{},"message":"[runtime-status] [21699] firebase-admin has been stubbed. {\"adminResolution\":{\"declared\":true,\"installed\":true,\"version\":\"10.3.0\",\"resolution\":\"/Users/base/f3/f3-app/functions/node_modules/firebase-admin/lib/index.js\"}}"}}
[debug] [2022-09-03T21:30:45.059Z] [runtime-status] [21699] Functions runtime initialized. {"cwd":"/Users/base/f3/f3-app/functions","node_version":"16.16.0"} {"metadata":{"emulator":{"name":"functions"},"function":{"name":"us-central1-api"},"extension":{},"message":"[runtime-status] [21699] Functions runtime initialized. {\"cwd\":\"/Users/base/f3/f3-app/functions\",\"node_version\":\"16.16.0\"}"}}
[debug] [2022-09-03T21:30:45.062Z] [runtime-status] [21699] initializeApp(DEFAULT) {"storageBucket":"f3demo-1e9ca.appspot.com","projectId":"f3demo-1e9ca"} {"metadata":{"emulator":{"name":"functions"},"function":{"name":"us-central1-api"},"extension":{},"message":"[runtime-status] [21699] initializeApp(DEFAULT) {\"storageBucket\":\"f3demo-1e9ca.appspot.com\",\"projectId\":\"f3demo-1e9ca\"}"}}
[debug] [2022-09-03T21:30:45.071Z] [runtime-status] [21699] Beginning invocation function api! {"metadata":{"emulator":{"name":"functions"},"function":{"name":"us-central1-api"},"extension":{},"message":"[runtime-status] [21699] Beginning invocation function api!"}}
[info] i  functions: Beginning execution of "api" {"metadata":{"emulator":{"name":"functions"},"function":{"name":"us-central1-api"},"extension":{},"message":"Beginning execution of \"api\""}}
[debug] [2022-09-03T21:30:45.072Z] [runtime-status] [21699] Running api in signature http {"metadata":{"emulator":{"name":"functions"},"function":{"name":"us-central1-api"},"extension":{},"message":"[runtime-status] [21699] Running api in signature http"}}
[debug] [2022-09-03T21:30:45.079Z] [runtime-status] [21699] Listening to port: /var/folders/qr/gxlrzjfj6nn0b3wrxshj8wvm0000gn/T/fire_emu_7ffc8f1f98c35d2a.sock {"metadata":{"emulator":{"name":"functions"},"function":{"name":"us-central1-api"},"extension":{},"message":"[runtime-status] [21699] Listening to port: /var/folders/qr/gxlrzjfj6nn0b3wrxshj8wvm0000gn/T/fire_emu_7ffc8f1f98c35d2a.sock"}}
[debug] [2022-09-03T21:30:45.119Z] [functions] Runtime ready! Sending request! {"metadata":{"emulator":{"name":"functions"},"message":"[functions] Runtime ready! Sending request!"}}
[debug] [2022-09-03T21:30:45.120Z] [functions] Got req.url=/f3demo-1e9ca/us-central1/api, mapping to path=/ {"metadata":{"emulator":{"name":"functions"},"message":"[functions] Got req.url=/f3demo-1e9ca/us-central1/api, mapping to path=/"}}
[debug] [2022-09-03T21:30:45.126Z] [runtime-status] [21699] Ephemeral server handling OPTIONS request {"metadata":{"emulator":{"name":"functions"},"function":{"name":"us-central1-api"},"extension":{},"message":"[runtime-status] [21699] Ephemeral server handling OPTIONS request"}}
[debug] [2022-09-03T21:30:45.129Z] [runtime-status] [21699] Ephemeral server survived. {"metadata":{"emulator":{"name":"functions"},"function":{"name":"us-central1-api"},"extension":{},"message":"[runtime-status] [21699] Ephemeral server survived."}}
[info] i  functions: Finished "api" in ~1s {"metadata":{"emulator":{"name":"functions"},"function":{"name":"us-central1-api"},"extension":{},"message":"Finished \"api\" in ~1s"}}
[debug] [2022-09-03T21:30:45.130Z] [worker-us-central1-api-258959a9-4bec-4f4a-b064-9c8041a922a2]: IDLE {"metadata":{"emulator":{"name":"functions"},"message":"[worker-us-central1-api-258959a9-4bec-4f4a-b064-9c8041a922a2]: IDLE"}}
[debug] [2022-09-03T21:30:45.130Z] [work-queue] {"queueLength":0,"workRunningCount":0}
[debug] [2022-09-03T21:30:45.133Z] [work-queue] {"queueLength":1,"workRunningCount":0}
[debug] [2022-09-03T21:30:45.133Z] [work-queue] {"queueLength":0,"workRunningCount":1}
[debug] [2022-09-03T21:30:45.133Z] Accepted request POST /f3demo-1e9ca/us-central1/api --> us-central1-api
[debug] [2022-09-03T21:30:45.133Z] ID Token: eyJhbGciOiJub25lIiwidHlwIjoiSldUIn0.eyJwcm92aWRlcl9pZCI6ImFub255bW91cyIsImF1dGhfdGltZSI6MTY2MjI0MDYwNywidXNlcl9pZCI6IlY2Wmh3UFhabU1PSmhTS2pnVU5KNXVYSFdac00iLCJmaXJlYmFzZSI6eyJpZGVudGl0aWVzIjp7fSwic2lnbl9pbl9wcm92aWRlciI6ImFub255bW91cyJ9LCJpYXQiOjE2NjIyNDA2MDcsImV4cCI6MTY2MjI0NDIwNywiYXVkIjoiZjNkZW1vLTFlOWNhIiwiaXNzIjoiaHR0cHM6Ly9zZWN1cmV0b2tlbi5nb29nbGUuY29tL2YzZGVtby0xZTljYSIsInN1YiI6IlY2Wmh3UFhabU1PSmhTS2pnVU5KNXVYSFdac00ifQ.
[debug] [2022-09-03T21:30:45.133Z] [worker-pool] submitWork(triggerId=us-central1-api) {"metadata":{"emulator":{"name":"functions"},"message":"[worker-pool] submitWork(triggerId=us-central1-api)"}}
[debug] [2022-09-03T21:30:45.133Z] [worker-us-central1-api-258959a9-4bec-4f4a-b064-9c8041a922a2]: BUSY {"metadata":{"emulator":{"name":"functions"},"message":"[worker-us-central1-api-258959a9-4bec-4f4a-b064-9c8041a922a2]: BUSY"}}
[debug] [2022-09-03T21:30:45.141Z] [runtime-status] [21699] Beginning invocation function api! {"metadata":{"emulator":{"name":"functions"},"function":{"name":"us-central1-api"},"extension":{},"message":"[runtime-status] [21699] Beginning invocation function api!"}}
[info] i  functions: Beginning execution of "api" {"metadata":{"emulator":{"name":"functions"},"function":{"name":"us-central1-api"},"extension":{},"message":"Beginning execution of \"api\""}}
[debug] [2022-09-03T21:30:45.141Z] [runtime-status] [21699] Running api in signature http {"metadata":{"emulator":{"name":"functions"},"function":{"name":"us-central1-api"},"extension":{},"message":"[runtime-status] [21699] Running api in signature http"}}
[debug] [2022-09-03T21:30:45.143Z] [runtime-status] [21699] Listening to port: /var/folders/qr/gxlrzjfj6nn0b3wrxshj8wvm0000gn/T/fire_emu_7ffc8f1f98c35d2a.sock {"metadata":{"emulator":{"name":"functions"},"function":{"name":"us-central1-api"},"extension":{},"message":"[runtime-status] [21699] Listening to port: /var/folders/qr/gxlrzjfj6nn0b3wrxshj8wvm0000gn/T/fire_emu_7ffc8f1f98c35d2a.sock"}}
[debug] [2022-09-03T21:30:45.243Z] [functions] Runtime ready! Sending request! {"metadata":{"emulator":{"name":"functions"},"message":"[functions] Runtime ready! Sending request!"}}
[debug] [2022-09-03T21:30:45.243Z] [functions] Got req.url=/f3demo-1e9ca/us-central1/api, mapping to path=/ {"metadata":{"emulator":{"name":"functions"},"message":"[functions] Got req.url=/f3demo-1e9ca/us-central1/api, mapping to path=/"}}
[debug] [2022-09-03T21:30:45.261Z] [runtime-status] [21699] Ephemeral server handling POST request {"metadata":{"emulator":{"name":"functions"},"function":{"name":"us-central1-api"},"extension":{},"message":"[runtime-status] [21699] Ephemeral server handling POST request"}}
[info] >  {"verifications":{"app":"MISSING","auth":"MISSING"},"logging.googleapis.com/labels":{"firebase-log-type":"callable-request-verification"},"severity":"INFO","message":"Callable request verification passed"} {"user":{"verifications":{"app":"MISSING","auth":"MISSING"},"logging.googleapis.com/labels":{"firebase-log-type":"callable-request-verification"},"severity":"INFO","message":"Callable request verification passed"},"metadata":{"emulator":{"name":"functions"},"function":{"name":"us-central1-api"},"extension":{},"message":"\u001b[90m> \u001b[39m {\"verifications\":{\"app\":\"MISSING\",\"auth\":\"MISSING\"},\"logging.googleapis.com/labels\":{\"firebase-log-type\":\"callable-request-verification\"},\"severity\":\"INFO\",\"message\":\"Callable request verification passed\"}"}}
[info] >  {"text":"Cool message text","severity":"INFO","message":"Got API request: addMessage , inputs: "} {"user":{"text":"Cool message text","severity":"INFO","message":"Got API request: addMessage , inputs: "},"metadata":{"emulator":{"name":"functions"},"function":{"name":"us-central1-api"},"extension":{},"message":"\u001b[90m> \u001b[39m {\"text\":\"Cool message text\",\"severity\":\"INFO\",\"message\":\"Got API request: addMessage , inputs: \"}"}}
[debug] [2022-09-03T21:30:45.263Z] [runtime-status] [21699] Callable functions auth override {"key":"x-callable-context-auth","value":"%7B%22uid%22%3A%22V6ZhwPXZmMOJhSKjgUNJ5uXHWZsM%22%2C%22token%22%3A%7B%22provider_id%22%3A%22anonymous%22%2C%22auth_time%22%3A1662240607%2C%22user_id%22%3A%22V6ZhwPXZmMOJhSKjgUNJ5uXHWZsM%22%2C%22firebase%22%3A%7B%22identities%22%3A%7B%7D%2C%22sign_in_provider%22%3A%22anonymous%22%7D%2C%22iat%22%3A1662240607%2C%22exp%22%3A1662244207%2C%22aud%22%3A%22f3demo-1e9ca%22%2C%22iss%22%3A%22https%3A%2F%2Fsecuretoken.google.com%2Ff3demo-1e9ca%22%2C%22sub%22%3A%22V6ZhwPXZmMOJhSKjgUNJ5uXHWZsM%22%2C%22uid%22%3A%22V6ZhwPXZmMOJhSKjgUNJ5uXHWZsM%22%7D%7D"} {"metadata":{"emulator":{"name":"functions"},"function":{"name":"us-central1-api"},"extension":{},"message":"[runtime-status] [21699] Callable functions auth override {\"key\":\"x-callable-context-auth\",\"value\":\"%7B%22uid%22%3A%22V6ZhwPXZmMOJhSKjgUNJ5uXHWZsM%22%2C%22token%22%3A%7B%22provider_id%22%3A%22anonymous%22%2C%22auth_time%22%3A1662240607%2C%22user_id%22%3A%22V6ZhwPXZmMOJhSKjgUNJ5uXHWZsM%22%2C%22firebase%22%3A%7B%22identities%22%3A%7B%7D%2C%22sign_in_provider%22%3A%22anonymous%22%7D%2C%22iat%22%3A1662240607%2C%22exp%22%3A1662244207%2C%22aud%22%3A%22f3demo-1e9ca%22%2C%22iss%22%3A%22https%3A%2F%2Fsecuretoken.google.com%2Ff3demo-1e9ca%22%2C%22sub%22%3A%22V6ZhwPXZmMOJhSKjgUNJ5uXHWZsM%22%2C%22uid%22%3A%22V6ZhwPXZmMOJhSKjgUNJ5uXHWZsM%22%7D%7D\"}"}}
[debug] [2022-09-03T21:30:45.542Z] Sep 03, 2022 2:30:45 PM io.gapi.emulators.netty.HttpVersionRoutingHandler channelRead
INFO: Detected HTTP/2 connection.
 {"metadata":{"emulator":{"name":"firestore"},"message":"Sep 03, 2022 2:30:45 PM io.gapi.emulators.netty.HttpVersionRoutingHandler channelRead\nINFO: Detected HTTP/2 connection.\n"}}
[debug] [2022-09-03T21:30:45.666Z] [runtime-status] [21699] Ephemeral server survived. {"metadata":{"emulator":{"name":"functions"},"function":{"name":"us-central1-api"},"extension":{},"message":"[runtime-status] [21699] Ephemeral server survived."}}
[info] i  functions: Finished "api" in ~1s {"metadata":{"emulator":{"name":"functions"},"function":{"name":"us-central1-api"},"extension":{},"message":"Finished \"api\" in ~1s"}}
[debug] [2022-09-03T21:30:45.667Z] [worker-us-central1-api-258959a9-4bec-4f4a-b064-9c8041a922a2]: IDLE {"metadata":{"emulator":{"name":"functions"},"message":"[worker-us-central1-api-258959a9-4bec-4f4a-b064-9c8041a922a2]: IDLE"}}
[debug] [2022-09-03T21:30:45.667Z] [work-queue] {"queueLength":0,"workRunningCount":0}
[debug] [2022-09-03T21:30:45.680Z] Sep 03, 2022 2:30:45 PM io.gapi.emulators.netty.HttpVersionRoutingHandler channelRead
INFO: Detected non-HTTP/2 connection.
 {"metadata":{"emulator":{"name":"firestore"},"message":"Sep 03, 2022 2:30:45 PM io.gapi.emulators.netty.HttpVersionRoutingHandler channelRead\nINFO: Detected non-HTTP/2 connection.\n"}}
[debug] [2022-09-03T21:30:45.695Z] Sep 03, 2022 2:30:45 PM io.gapi.emulators.netty.HttpVersionRoutingHandler channelRead
INFO: Detected non-HTTP/2 connection.
 {"metadata":{"emulator":{"name":"firestore"},"message":"Sep 03, 2022 2:30:45 PM io.gapi.emulators.netty.HttpVersionRoutingHandler channelRead\nINFO: Detected non-HTTP/2 connection.\n"}}
[debug] [2022-09-03T21:30:47.210Z] [work-queue] {"queueLength":1,"workRunningCount":0}
[debug] [2022-09-03T21:30:47.215Z] [work-queue] {"queueLength":0,"workRunningCount":1}
[debug] [2022-09-03T21:30:47.215Z] Accepted request POST /f3demo-1e9ca/us-central1/api --> us-central1-api
[debug] [2022-09-03T21:30:47.215Z] ID Token: eyJhbGciOiJub25lIiwidHlwIjoiSldUIn0.eyJwcm92aWRlcl9pZCI6ImFub255bW91cyIsImF1dGhfdGltZSI6MTY2MjI0MDYwNywidXNlcl9pZCI6IlY2Wmh3UFhabU1PSmhTS2pnVU5KNXVYSFdac00iLCJmaXJlYmFzZSI6eyJpZGVudGl0aWVzIjp7fSwic2lnbl9pbl9wcm92aWRlciI6ImFub255bW91cyJ9LCJpYXQiOjE2NjIyNDA2MDcsImV4cCI6MTY2MjI0NDIwNywiYXVkIjoiZjNkZW1vLTFlOWNhIiwiaXNzIjoiaHR0cHM6Ly9zZWN1cmV0b2tlbi5nb29nbGUuY29tL2YzZGVtby0xZTljYSIsInN1YiI6IlY2Wmh3UFhabU1PSmhTS2pnVU5KNXVYSFdac00ifQ.
[debug] [2022-09-03T21:30:47.216Z] [worker-pool] submitWork(triggerId=us-central1-api) {"metadata":{"emulator":{"name":"functions"},"message":"[worker-pool] submitWork(triggerId=us-central1-api)"}}
[debug] [2022-09-03T21:30:47.217Z] [worker-us-central1-api-258959a9-4bec-4f4a-b064-9c8041a922a2]: BUSY {"metadata":{"emulator":{"name":"functions"},"message":"[worker-us-central1-api-258959a9-4bec-4f4a-b064-9c8041a922a2]: BUSY"}}
[debug] [2022-09-03T21:30:47.226Z] [runtime-status] [21699] Beginning invocation function api! {"metadata":{"emulator":{"name":"functions"},"function":{"name":"us-central1-api"},"extension":{},"message":"[runtime-status] [21699] Beginning invocation function api!"}}
[info] i  functions: Beginning execution of "api" {"metadata":{"emulator":{"name":"functions"},"function":{"name":"us-central1-api"},"extension":{},"message":"Beginning execution of \"api\""}}
[debug] [2022-09-03T21:30:47.227Z] [runtime-status] [21699] Running api in signature http {"metadata":{"emulator":{"name":"functions"},"function":{"name":"us-central1-api"},"extension":{},"message":"[runtime-status] [21699] Running api in signature http"}}
[debug] [2022-09-03T21:30:47.227Z] [runtime-status] [21699] Listening to port: /var/folders/qr/gxlrzjfj6nn0b3wrxshj8wvm0000gn/T/fire_emu_7ffc8f1f98c35d2a.sock {"metadata":{"emulator":{"name":"functions"},"function":{"name":"us-central1-api"},"extension":{},"message":"[runtime-status] [21699] Listening to port: /var/folders/qr/gxlrzjfj6nn0b3wrxshj8wvm0000gn/T/fire_emu_7ffc8f1f98c35d2a.sock"}}
[debug] [2022-09-03T21:30:47.245Z] [functions] Runtime ready! Sending request! {"metadata":{"emulator":{"name":"functions"},"message":"[functions] Runtime ready! Sending request!"}}
[debug] [2022-09-03T21:30:47.246Z] [functions] Got req.url=/f3demo-1e9ca/us-central1/api, mapping to path=/ {"metadata":{"emulator":{"name":"functions"},"message":"[functions] Got req.url=/f3demo-1e9ca/us-central1/api, mapping to path=/"}}
[debug] [2022-09-03T21:30:47.252Z] [runtime-status] [21699] Ephemeral server handling POST request {"metadata":{"emulator":{"name":"functions"},"function":{"name":"us-central1-api"},"extension":{},"message":"[runtime-status] [21699] Ephemeral server handling POST request"}}
[debug] [2022-09-03T21:30:47.252Z] [runtime-status] [21699] Callable functions auth override {"key":"x-callable-context-auth","value":"%7B%22uid%22%3A%22V6ZhwPXZmMOJhSKjgUNJ5uXHWZsM%22%2C%22token%22%3A%7B%22provider_id%22%3A%22anonymous%22%2C%22auth_time%22%3A1662240607%2C%22user_id%22%3A%22V6ZhwPXZmMOJhSKjgUNJ5uXHWZsM%22%2C%22firebase%22%3A%7B%22identities%22%3A%7B%7D%2C%22sign_in_provider%22%3A%22anonymous%22%7D%2C%22iat%22%3A1662240607%2C%22exp%22%3A1662244207%2C%22aud%22%3A%22f3demo-1e9ca%22%2C%22iss%22%3A%22https%3A%2F%2Fsecuretoken.google.com%2Ff3demo-1e9ca%22%2C%22sub%22%3A%22V6ZhwPXZmMOJhSKjgUNJ5uXHWZsM%22%2C%22uid%22%3A%22V6ZhwPXZmMOJhSKjgUNJ5uXHWZsM%22%7D%7D"} {"metadata":{"emulator":{"name":"functions"},"function":{"name":"us-central1-api"},"extension":{},"message":"[runtime-status] [21699] Callable functions auth override {\"key\":\"x-callable-context-auth\",\"value\":\"%7B%22uid%22%3A%22V6ZhwPXZmMOJhSKjgUNJ5uXHWZsM%22%2C%22token%22%3A%7B%22provider_id%22%3A%22anonymous%22%2C%22auth_time%22%3A1662240607%2C%22user_id%22%3A%22V6ZhwPXZmMOJhSKjgUNJ5uXHWZsM%22%2C%22firebase%22%3A%7B%22identities%22%3A%7B%7D%2C%22sign_in_provider%22%3A%22anonymous%22%7D%2C%22iat%22%3A1662240607%2C%22exp%22%3A1662244207%2C%22aud%22%3A%22f3demo-1e9ca%22%2C%22iss%22%3A%22https%3A%2F%2Fsecuretoken.google.com%2Ff3demo-1e9ca%22%2C%22sub%22%3A%22V6ZhwPXZmMOJhSKjgUNJ5uXHWZsM%22%2C%22uid%22%3A%22V6ZhwPXZmMOJhSKjgUNJ5uXHWZsM%22%7D%7D\"}"}}
[info] >  {"verifications":{"app":"MISSING","auth":"MISSING"},"logging.googleapis.com/labels":{"firebase-log-type":"callable-request-verification"},"severity":"INFO","message":"Callable request verification passed"} {"user":{"verifications":{"app":"MISSING","auth":"MISSING"},"logging.googleapis.com/labels":{"firebase-log-type":"callable-request-verification"},"severity":"INFO","message":"Callable request verification passed"},"metadata":{"emulator":{"name":"functions"},"function":{"name":"us-central1-api"},"extension":{},"message":"\u001b[90m> \u001b[39m {\"verifications\":{\"app\":\"MISSING\",\"auth\":\"MISSING\"},\"logging.googleapis.com/labels\":{\"firebase-log-type\":\"callable-request-verification\"},\"severity\":\"INFO\",\"message\":\"Callable request verification passed\"}"}}
[info] >  {"text":"Cool message text","severity":"INFO","message":"Got API request: addMessage , inputs: "} {"user":{"text":"Cool message text","severity":"INFO","message":"Got API request: addMessage , inputs: "},"metadata":{"emulator":{"name":"functions"},"function":{"name":"us-central1-api"},"extension":{},"message":"\u001b[90m> \u001b[39m {\"text\":\"Cool message text\",\"severity\":\"INFO\",\"message\":\"Got API request: addMessage , inputs: \"}"}}
[debug] [2022-09-03T21:30:47.280Z] [runtime-status] [21699] Ephemeral server survived. {"metadata":{"emulator":{"name":"functions"},"function":{"name":"us-central1-api"},"extension":{},"message":"[runtime-status] [21699] Ephemeral server survived."}}
[info] i  functions: Finished "api" in ~1s {"metadata":{"emulator":{"name":"functions"},"function":{"name":"us-central1-api"},"extension":{},"message":"Finished \"api\" in ~1s"}}
[debug] [2022-09-03T21:30:47.281Z] [worker-us-central1-api-258959a9-4bec-4f4a-b064-9c8041a922a2]: IDLE {"metadata":{"emulator":{"name":"functions"},"message":"[worker-us-central1-api-258959a9-4bec-4f4a-b064-9c8041a922a2]: IDLE"}}
[debug] [2022-09-03T21:30:47.281Z] [work-queue] {"queueLength":0,"workRunningCount":0}
[debug] [2022-09-03T21:30:47.284Z] Sep 03, 2022 2:30:47 PM io.gapi.emulators.netty.HttpVersionRoutingHandler channelRead
INFO: Detected non-HTTP/2 connection.
 {"metadata":{"emulator":{"name":"firestore"},"message":"Sep 03, 2022 2:30:47 PM io.gapi.emulators.netty.HttpVersionRoutingHandler channelRead\nINFO: Detected non-HTTP/2 connection.\n"}}
[debug] [2022-09-03T21:30:47.298Z] Sep 03, 2022 2:30:47 PM io.gapi.emulators.netty.HttpVersionRoutingHandler channelRead
INFO: Detected non-HTTP/2 connection.
 {"metadata":{"emulator":{"name":"firestore"},"message":"Sep 03, 2022 2:30:47 PM io.gapi.emulators.netty.HttpVersionRoutingHandler channelRead\nINFO: Detected non-HTTP/2 connection.\n"}}
[debug] [2022-09-03T21:30:48.123Z] [work-queue] {"queueLength":1,"workRunningCount":0}
[debug] [2022-09-03T21:30:48.123Z] [work-queue] {"queueLength":0,"workRunningCount":1}
[debug] [2022-09-03T21:30:48.124Z] Accepted request POST /f3demo-1e9ca/us-central1/api --> us-central1-api
[debug] [2022-09-03T21:30:48.124Z] ID Token: eyJhbGciOiJub25lIiwidHlwIjoiSldUIn0.eyJwcm92aWRlcl9pZCI6ImFub255bW91cyIsImF1dGhfdGltZSI6MTY2MjI0MDYwNywidXNlcl9pZCI6IlY2Wmh3UFhabU1PSmhTS2pnVU5KNXVYSFdac00iLCJmaXJlYmFzZSI6eyJpZGVudGl0aWVzIjp7fSwic2lnbl9pbl9wcm92aWRlciI6ImFub255bW91cyJ9LCJpYXQiOjE2NjIyNDA2MDcsImV4cCI6MTY2MjI0NDIwNywiYXVkIjoiZjNkZW1vLTFlOWNhIiwiaXNzIjoiaHR0cHM6Ly9zZWN1cmV0b2tlbi5nb29nbGUuY29tL2YzZGVtby0xZTljYSIsInN1YiI6IlY2Wmh3UFhabU1PSmhTS2pnVU5KNXVYSFdac00ifQ.
[debug] [2022-09-03T21:30:48.125Z] [worker-pool] submitWork(triggerId=us-central1-api) {"metadata":{"emulator":{"name":"functions"},"message":"[worker-pool] submitWork(triggerId=us-central1-api)"}}
[debug] [2022-09-03T21:30:48.125Z] [worker-us-central1-api-258959a9-4bec-4f4a-b064-9c8041a922a2]: BUSY {"metadata":{"emulator":{"name":"functions"},"message":"[worker-us-central1-api-258959a9-4bec-4f4a-b064-9c8041a922a2]: BUSY"}}
[debug] [2022-09-03T21:30:48.140Z] [runtime-status] [21699] Beginning invocation function api! {"metadata":{"emulator":{"name":"functions"},"function":{"name":"us-central1-api"},"extension":{},"message":"[runtime-status] [21699] Beginning invocation function api!"}}
[info] i  functions: Beginning execution of "api" {"metadata":{"emulator":{"name":"functions"},"function":{"name":"us-central1-api"},"extension":{},"message":"Beginning execution of \"api\""}}
[debug] [2022-09-03T21:30:48.142Z] [runtime-status] [21699] Running api in signature http {"metadata":{"emulator":{"name":"functions"},"function":{"name":"us-central1-api"},"extension":{},"message":"[runtime-status] [21699] Running api in signature http"}}
[debug] [2022-09-03T21:30:48.142Z] [runtime-status] [21699] Listening to port: /var/folders/qr/gxlrzjfj6nn0b3wrxshj8wvm0000gn/T/fire_emu_7ffc8f1f98c35d2a.sock {"metadata":{"emulator":{"name":"functions"},"function":{"name":"us-central1-api"},"extension":{},"message":"[runtime-status] [21699] Listening to port: /var/folders/qr/gxlrzjfj6nn0b3wrxshj8wvm0000gn/T/fire_emu_7ffc8f1f98c35d2a.sock"}}
[debug] [2022-09-03T21:30:48.251Z] [functions] Runtime ready! Sending request! {"metadata":{"emulator":{"name":"functions"},"message":"[functions] Runtime ready! Sending request!"}}
[debug] [2022-09-03T21:30:48.252Z] [functions] Got req.url=/f3demo-1e9ca/us-central1/api, mapping to path=/ {"metadata":{"emulator":{"name":"functions"},"message":"[functions] Got req.url=/f3demo-1e9ca/us-central1/api, mapping to path=/"}}
[debug] [2022-09-03T21:30:48.263Z] [runtime-status] [21699] Ephemeral server handling POST request {"metadata":{"emulator":{"name":"functions"},"function":{"name":"us-central1-api"},"extension":{},"message":"[runtime-status] [21699] Ephemeral server handling POST request"}}
[debug] [2022-09-03T21:30:48.263Z] [runtime-status] [21699] Callable functions auth override {"key":"x-callable-context-auth","value":"%7B%22uid%22%3A%22V6ZhwPXZmMOJhSKjgUNJ5uXHWZsM%22%2C%22token%22%3A%7B%22provider_id%22%3A%22anonymous%22%2C%22auth_time%22%3A1662240607%2C%22user_id%22%3A%22V6ZhwPXZmMOJhSKjgUNJ5uXHWZsM%22%2C%22firebase%22%3A%7B%22identities%22%3A%7B%7D%2C%22sign_in_provider%22%3A%22anonymous%22%7D%2C%22iat%22%3A1662240607%2C%22exp%22%3A1662244207%2C%22aud%22%3A%22f3demo-1e9ca%22%2C%22iss%22%3A%22https%3A%2F%2Fsecuretoken.google.com%2Ff3demo-1e9ca%22%2C%22sub%22%3A%22V6ZhwPXZmMOJhSKjgUNJ5uXHWZsM%22%2C%22uid%22%3A%22V6ZhwPXZmMOJhSKjgUNJ5uXHWZsM%22%7D%7D"} {"metadata":{"emulator":{"name":"functions"},"function":{"name":"us-central1-api"},"extension":{},"message":"[runtime-status] [21699] Callable functions auth override {\"key\":\"x-callable-context-auth\",\"value\":\"%7B%22uid%22%3A%22V6ZhwPXZmMOJhSKjgUNJ5uXHWZsM%22%2C%22token%22%3A%7B%22provider_id%22%3A%22anonymous%22%2C%22auth_time%22%3A1662240607%2C%22user_id%22%3A%22V6ZhwPXZmMOJhSKjgUNJ5uXHWZsM%22%2C%22firebase%22%3A%7B%22identities%22%3A%7B%7D%2C%22sign_in_provider%22%3A%22anonymous%22%7D%2C%22iat%22%3A1662240607%2C%22exp%22%3A1662244207%2C%22aud%22%3A%22f3demo-1e9ca%22%2C%22iss%22%3A%22https%3A%2F%2Fsecuretoken.google.com%2Ff3demo-1e9ca%22%2C%22sub%22%3A%22V6ZhwPXZmMOJhSKjgUNJ5uXHWZsM%22%2C%22uid%22%3A%22V6ZhwPXZmMOJhSKjgUNJ5uXHWZsM%22%7D%7D\"}"}}
[info] >  {"verifications":{"app":"MISSING","auth":"MISSING"},"logging.googleapis.com/labels":{"firebase-log-type":"callable-request-verification"},"severity":"INFO","message":"Callable request verification passed"} {"user":{"verifications":{"app":"MISSING","auth":"MISSING"},"logging.googleapis.com/labels":{"firebase-log-type":"callable-request-verification"},"severity":"INFO","message":"Callable request verification passed"},"metadata":{"emulator":{"name":"functions"},"function":{"name":"us-central1-api"},"extension":{},"message":"\u001b[90m> \u001b[39m {\"verifications\":{\"app\":\"MISSING\",\"auth\":\"MISSING\"},\"logging.googleapis.com/labels\":{\"firebase-log-type\":\"callable-request-verification\"},\"severity\":\"INFO\",\"message\":\"Callable request verification passed\"}"}}
[info] >  {"severity":"INFO","message":"Got API request: clearMessages , inputs: "} {"user":{"severity":"INFO","message":"Got API request: clearMessages , inputs: "},"metadata":{"emulator":{"name":"functions"},"function":{"name":"us-central1-api"},"extension":{},"message":"\u001b[90m> \u001b[39m {\"severity\":\"INFO\",\"message\":\"Got API request: clearMessages , inputs: \"}"}}
[debug] [2022-09-03T21:30:48.328Z] Sep 03, 2022 2:30:48 PM io.gapi.emulators.netty.HttpVersionRoutingHandler channelRead
INFO: Detected non-HTTP/2 connection.
 {"metadata":{"emulator":{"name":"firestore"},"message":"Sep 03, 2022 2:30:48 PM io.gapi.emulators.netty.HttpVersionRoutingHandler channelRead\nINFO: Detected non-HTTP/2 connection.\n"}}
[debug] [2022-09-03T21:30:48.330Z] [runtime-status] [21699] Ephemeral server survived. {"metadata":{"emulator":{"name":"functions"},"function":{"name":"us-central1-api"},"extension":{},"message":"[runtime-status] [21699] Ephemeral server survived."}}
[info] i  functions: Finished "api" in ~1s {"metadata":{"emulator":{"name":"functions"},"function":{"name":"us-central1-api"},"extension":{},"message":"Finished \"api\" in ~1s"}}
[debug] [2022-09-03T21:30:48.332Z] [worker-us-central1-api-258959a9-4bec-4f4a-b064-9c8041a922a2]: IDLE {"metadata":{"emulator":{"name":"functions"},"message":"[worker-us-central1-api-258959a9-4bec-4f4a-b064-9c8041a922a2]: IDLE"}}
[debug] [2022-09-03T21:30:48.332Z] [work-queue] {"queueLength":0,"workRunningCount":0}
[debug] [2022-09-03T21:30:48.334Z] Sep 03, 2022 2:30:48 PM io.gapi.emulators.netty.HttpVersionRoutingHandler channelRead
INFO: Detected non-HTTP/2 connection.
 {"metadata":{"emulator":{"name":"firestore"},"message":"Sep 03, 2022 2:30:48 PM io.gapi.emulators.netty.HttpVersionRoutingHandler channelRead\nINFO: Detected non-HTTP/2 connection.\n"}}
[debug] [2022-09-03T21:30:48.335Z] Sep 03, 2022 2:30:48 PM io.gapi.emulators.netty.HttpVersionRoutingHandler channelRead
INFO: Detected non-HTTP/2 connection.
 {"metadata":{"emulator":{"name":"firestore"},"message":"Sep 03, 2022 2:30:48 PM io.gapi.emulators.netty.HttpVersionRoutingHandler channelRead\nINFO: Detected non-HTTP/2 connection.\n"}}
[debug] [2022-09-03T21:30:48.341Z] Sep 03, 2022 2:30:48 PM io.gapi.emulators.netty.HttpVersionRoutingHandler channelRead
INFO: Detected non-HTTP/2 connection.
 {"metadata":{"emulator":{"name":"firestore"},"message":"Sep 03, 2022 2:30:48 PM io.gapi.emulators.netty.HttpVersionRoutingHandler channelRead\nINFO: Detected non-HTTP/2 connection.\n"}}
[debug] [2022-09-03T21:30:48.350Z] Sep 03, 2022 2:30:48 PM io.gapi.emulators.netty.HttpVersionRoutingHandler channelRead
INFO: Detected non-HTTP/2 connection.
 {"metadata":{"emulator":{"name":"firestore"},"message":"Sep 03, 2022 2:30:48 PM io.gapi.emulators.netty.HttpVersionRoutingHandler channelRead\nINFO: Detected non-HTTP/2 connection.\n"}}
[debug] [2022-09-03T21:30:48.355Z] Sep 03, 2022 2:30:48 PM io.gapi.emulators.netty.HttpVersionRoutingHandler channelRead
INFO: Detected non-HTTP/2 connection.
 {"metadata":{"emulator":{"name":"firestore"},"message":"Sep 03, 2022 2:30:48 PM io.gapi.emulators.netty.HttpVersionRoutingHandler channelRead\nINFO: Detected non-HTTP/2 connection.\n"}}
[debug] [2022-09-03T21:30:48.931Z] [work-queue] {"queueLength":1,"workRunningCount":0}
[debug] [2022-09-03T21:30:48.931Z] [work-queue] {"queueLength":0,"workRunningCount":1}
[debug] [2022-09-03T21:30:48.931Z] Accepted request POST /f3demo-1e9ca/us-central1/api --> us-central1-api
[debug] [2022-09-03T21:30:48.931Z] ID Token: eyJhbGciOiJub25lIiwidHlwIjoiSldUIn0.eyJwcm92aWRlcl9pZCI6ImFub255bW91cyIsImF1dGhfdGltZSI6MTY2MjI0MDYwNywidXNlcl9pZCI6IlY2Wmh3UFhabU1PSmhTS2pnVU5KNXVYSFdac00iLCJmaXJlYmFzZSI6eyJpZGVudGl0aWVzIjp7fSwic2lnbl9pbl9wcm92aWRlciI6ImFub255bW91cyJ9LCJpYXQiOjE2NjIyNDA2MDcsImV4cCI6MTY2MjI0NDIwNywiYXVkIjoiZjNkZW1vLTFlOWNhIiwiaXNzIjoiaHR0cHM6Ly9zZWN1cmV0b2tlbi5nb29nbGUuY29tL2YzZGVtby0xZTljYSIsInN1YiI6IlY2Wmh3UFhabU1PSmhTS2pnVU5KNXVYSFdac00ifQ.
[debug] [2022-09-03T21:30:48.933Z] [worker-pool] submitWork(triggerId=us-central1-api) {"metadata":{"emulator":{"name":"functions"},"message":"[worker-pool] submitWork(triggerId=us-central1-api)"}}
[debug] [2022-09-03T21:30:48.935Z] [worker-us-central1-api-258959a9-4bec-4f4a-b064-9c8041a922a2]: BUSY {"metadata":{"emulator":{"name":"functions"},"message":"[worker-us-central1-api-258959a9-4bec-4f4a-b064-9c8041a922a2]: BUSY"}}
[debug] [2022-09-03T21:30:48.948Z] [runtime-status] [21699] Beginning invocation function api! {"metadata":{"emulator":{"name":"functions"},"function":{"name":"us-central1-api"},"extension":{},"message":"[runtime-status] [21699] Beginning invocation function api!"}}
[info] i  functions: Beginning execution of "api" {"metadata":{"emulator":{"name":"functions"},"function":{"name":"us-central1-api"},"extension":{},"message":"Beginning execution of \"api\""}}
[debug] [2022-09-03T21:30:48.949Z] [runtime-status] [21699] Running api in signature http {"metadata":{"emulator":{"name":"functions"},"function":{"name":"us-central1-api"},"extension":{},"message":"[runtime-status] [21699] Running api in signature http"}}
[debug] [2022-09-03T21:30:48.949Z] [runtime-status] [21699] Listening to port: /var/folders/qr/gxlrzjfj6nn0b3wrxshj8wvm0000gn/T/fire_emu_7ffc8f1f98c35d2a.sock {"metadata":{"emulator":{"name":"functions"},"function":{"name":"us-central1-api"},"extension":{},"message":"[runtime-status] [21699] Listening to port: /var/folders/qr/gxlrzjfj6nn0b3wrxshj8wvm0000gn/T/fire_emu_7ffc8f1f98c35d2a.sock"}}
[debug] [2022-09-03T21:30:49.069Z] [functions] Runtime ready! Sending request! {"metadata":{"emulator":{"name":"functions"},"message":"[functions] Runtime ready! Sending request!"}}
[debug] [2022-09-03T21:30:49.070Z] [functions] Got req.url=/f3demo-1e9ca/us-central1/api, mapping to path=/ {"metadata":{"emulator":{"name":"functions"},"message":"[functions] Got req.url=/f3demo-1e9ca/us-central1/api, mapping to path=/"}}
[debug] [2022-09-03T21:30:49.077Z] [runtime-status] [21699] Ephemeral server handling POST request {"metadata":{"emulator":{"name":"functions"},"function":{"name":"us-central1-api"},"extension":{},"message":"[runtime-status] [21699] Ephemeral server handling POST request"}}
[info] >  {"verifications":{"app":"MISSING","auth":"MISSING"},"logging.googleapis.com/labels":{"firebase-log-type":"callable-request-verification"},"severity":"INFO","message":"Callable request verification passed"} {"user":{"verifications":{"app":"MISSING","auth":"MISSING"},"logging.googleapis.com/labels":{"firebase-log-type":"callable-request-verification"},"severity":"INFO","message":"Callable request verification passed"},"metadata":{"emulator":{"name":"functions"},"function":{"name":"us-central1-api"},"extension":{},"message":"\u001b[90m> \u001b[39m {\"verifications\":{\"app\":\"MISSING\",\"auth\":\"MISSING\"},\"logging.googleapis.com/labels\":{\"firebase-log-type\":\"callable-request-verification\"},\"severity\":\"INFO\",\"message\":\"Callable request verification passed\"}"}}
[debug] [2022-09-03T21:30:49.080Z] [runtime-status] [21699] Callable functions auth override {"key":"x-callable-context-auth","value":"%7B%22uid%22%3A%22V6ZhwPXZmMOJhSKjgUNJ5uXHWZsM%22%2C%22token%22%3A%7B%22provider_id%22%3A%22anonymous%22%2C%22auth_time%22%3A1662240607%2C%22user_id%22%3A%22V6ZhwPXZmMOJhSKjgUNJ5uXHWZsM%22%2C%22firebase%22%3A%7B%22identities%22%3A%7B%7D%2C%22sign_in_provider%22%3A%22anonymous%22%7D%2C%22iat%22%3A1662240607%2C%22exp%22%3A1662244207%2C%22aud%22%3A%22f3demo-1e9ca%22%2C%22iss%22%3A%22https%3A%2F%2Fsecuretoken.google.com%2Ff3demo-1e9ca%22%2C%22sub%22%3A%22V6ZhwPXZmMOJhSKjgUNJ5uXHWZsM%22%2C%22uid%22%3A%22V6ZhwPXZmMOJhSKjgUNJ5uXHWZsM%22%7D%7D"} {"metadata":{"emulator":{"name":"functions"},"function":{"name":"us-central1-api"},"extension":{},"message":"[runtime-status] [21699] Callable functions auth override {\"key\":\"x-callable-context-auth\",\"value\":\"%7B%22uid%22%3A%22V6ZhwPXZmMOJhSKjgUNJ5uXHWZsM%22%2C%22token%22%3A%7B%22provider_id%22%3A%22anonymous%22%2C%22auth_time%22%3A1662240607%2C%22user_id%22%3A%22V6ZhwPXZmMOJhSKjgUNJ5uXHWZsM%22%2C%22firebase%22%3A%7B%22identities%22%3A%7B%7D%2C%22sign_in_provider%22%3A%22anonymous%22%7D%2C%22iat%22%3A1662240607%2C%22exp%22%3A1662244207%2C%22aud%22%3A%22f3demo-1e9ca%22%2C%22iss%22%3A%22https%3A%2F%2Fsecuretoken.google.com%2Ff3demo-1e9ca%22%2C%22sub%22%3A%22V6ZhwPXZmMOJhSKjgUNJ5uXHWZsM%22%2C%22uid%22%3A%22V6ZhwPXZmMOJhSKjgUNJ5uXHWZsM%22%7D%7D\"}"}}
[info] >  {"text":"Cool message text","severity":"INFO","message":"Got API request: addMessage , inputs: "} {"user":{"text":"Cool message text","severity":"INFO","message":"Got API request: addMessage , inputs: "},"metadata":{"emulator":{"name":"functions"},"function":{"name":"us-central1-api"},"extension":{},"message":"\u001b[90m> \u001b[39m {\"text\":\"Cool message text\",\"severity\":\"INFO\",\"message\":\"Got API request: addMessage , inputs: \"}"}}
[debug] [2022-09-03T21:30:49.122Z] [runtime-status] [21699] Ephemeral server survived. {"metadata":{"emulator":{"name":"functions"},"function":{"name":"us-central1-api"},"extension":{},"message":"[runtime-status] [21699] Ephemeral server survived."}}
[info] i  functions: Finished "api" in ~1s {"metadata":{"emulator":{"name":"functions"},"function":{"name":"us-central1-api"},"extension":{},"message":"Finished \"api\" in ~1s"}}
[debug] [2022-09-03T21:30:49.124Z] [worker-us-central1-api-258959a9-4bec-4f4a-b064-9c8041a922a2]: IDLE {"metadata":{"emulator":{"name":"functions"},"message":"[worker-us-central1-api-258959a9-4bec-4f4a-b064-9c8041a922a2]: IDLE"}}
[debug] [2022-09-03T21:30:49.124Z] [work-queue] {"queueLength":0,"workRunningCount":0}
[debug] [2022-09-03T21:30:49.126Z] Sep 03, 2022 2:30:49 PM io.gapi.emulators.netty.HttpVersionRoutingHandler channelRead
INFO: Detected non-HTTP/2 connection.
 {"metadata":{"emulator":{"name":"firestore"},"message":"Sep 03, 2022 2:30:49 PM io.gapi.emulators.netty.HttpVersionRoutingHandler channelRead\nINFO: Detected non-HTTP/2 connection.\n"}}
[debug] [2022-09-03T21:30:49.139Z] Sep 03, 2022 2:30:49 PM io.gapi.emulators.netty.HttpVersionRoutingHandler channelRead
INFO: Detected non-HTTP/2 connection.
 {"metadata":{"emulator":{"name":"firestore"},"message":"Sep 03, 2022 2:30:49 PM io.gapi.emulators.netty.HttpVersionRoutingHandler channelRead\nINFO: Detected non-HTTP/2 connection.\n"}}
[debug] [2022-09-03T21:30:49.841Z] [work-queue] {"queueLength":1,"workRunningCount":0}
[debug] [2022-09-03T21:30:49.842Z] [work-queue] {"queueLength":0,"workRunningCount":1}
[debug] [2022-09-03T21:30:49.842Z] Accepted request POST /f3demo-1e9ca/us-central1/api --> us-central1-api
[debug] [2022-09-03T21:30:49.842Z] ID Token: eyJhbGciOiJub25lIiwidHlwIjoiSldUIn0.eyJwcm92aWRlcl9pZCI6ImFub255bW91cyIsImF1dGhfdGltZSI6MTY2MjI0MDYwNywidXNlcl9pZCI6IlY2Wmh3UFhabU1PSmhTS2pnVU5KNXVYSFdac00iLCJmaXJlYmFzZSI6eyJpZGVudGl0aWVzIjp7fSwic2lnbl9pbl9wcm92aWRlciI6ImFub255bW91cyJ9LCJpYXQiOjE2NjIyNDA2MDcsImV4cCI6MTY2MjI0NDIwNywiYXVkIjoiZjNkZW1vLTFlOWNhIiwiaXNzIjoiaHR0cHM6Ly9zZWN1cmV0b2tlbi5nb29nbGUuY29tL2YzZGVtby0xZTljYSIsInN1YiI6IlY2Wmh3UFhabU1PSmhTS2pnVU5KNXVYSFdac00ifQ.
[debug] [2022-09-03T21:30:49.844Z] [worker-pool] submitWork(triggerId=us-central1-api) {"metadata":{"emulator":{"name":"functions"},"message":"[worker-pool] submitWork(triggerId=us-central1-api)"}}
[debug] [2022-09-03T21:30:49.844Z] [worker-us-central1-api-258959a9-4bec-4f4a-b064-9c8041a922a2]: BUSY {"metadata":{"emulator":{"name":"functions"},"message":"[worker-us-central1-api-258959a9-4bec-4f4a-b064-9c8041a922a2]: BUSY"}}
[debug] [2022-09-03T21:30:49.852Z] [runtime-status] [21699] Beginning invocation function api! {"metadata":{"emulator":{"name":"functions"},"function":{"name":"us-central1-api"},"extension":{},"message":"[runtime-status] [21699] Beginning invocation function api!"}}
[info] i  functions: Beginning execution of "api" {"metadata":{"emulator":{"name":"functions"},"function":{"name":"us-central1-api"},"extension":{},"message":"Beginning execution of \"api\""}}
[debug] [2022-09-03T21:30:49.855Z] [runtime-status] [21699] Running api in signature http {"metadata":{"emulator":{"name":"functions"},"function":{"name":"us-central1-api"},"extension":{},"message":"[runtime-status] [21699] Running api in signature http"}}
[debug] [2022-09-03T21:30:49.855Z] [runtime-status] [21699] Listening to port: /var/folders/qr/gxlrzjfj6nn0b3wrxshj8wvm0000gn/T/fire_emu_7ffc8f1f98c35d2a.sock {"metadata":{"emulator":{"name":"functions"},"function":{"name":"us-central1-api"},"extension":{},"message":"[runtime-status] [21699] Listening to port: /var/folders/qr/gxlrzjfj6nn0b3wrxshj8wvm0000gn/T/fire_emu_7ffc8f1f98c35d2a.sock"}}
[debug] [2022-09-03T21:30:49.971Z] [functions] Runtime ready! Sending request! {"metadata":{"emulator":{"name":"functions"},"message":"[functions] Runtime ready! Sending request!"}}
[debug] [2022-09-03T21:30:49.971Z] [functions] Got req.url=/f3demo-1e9ca/us-central1/api, mapping to path=/ {"metadata":{"emulator":{"name":"functions"},"message":"[functions] Got req.url=/f3demo-1e9ca/us-central1/api, mapping to path=/"}}
[debug] [2022-09-03T21:30:49.979Z] [runtime-status] [21699] Ephemeral server handling POST request {"metadata":{"emulator":{"name":"functions"},"function":{"name":"us-central1-api"},"extension":{},"message":"[runtime-status] [21699] Ephemeral server handling POST request"}}
[info] >  {"verifications":{"app":"MISSING","auth":"MISSING"},"logging.googleapis.com/labels":{"firebase-log-type":"callable-request-verification"},"severity":"INFO","message":"Callable request verification passed"} {"user":{"verifications":{"app":"MISSING","auth":"MISSING"},"logging.googleapis.com/labels":{"firebase-log-type":"callable-request-verification"},"severity":"INFO","message":"Callable request verification passed"},"metadata":{"emulator":{"name":"functions"},"function":{"name":"us-central1-api"},"extension":{},"message":"\u001b[90m> \u001b[39m {\"verifications\":{\"app\":\"MISSING\",\"auth\":\"MISSING\"},\"logging.googleapis.com/labels\":{\"firebase-log-type\":\"callable-request-verification\"},\"severity\":\"INFO\",\"message\":\"Callable request verification passed\"}"}}
[info] >  {"text":"Cool message text","severity":"INFO","message":"Got API request: addMessage , inputs: "} {"user":{"text":"Cool message text","severity":"INFO","message":"Got API request: addMessage , inputs: "},"metadata":{"emulator":{"name":"functions"},"function":{"name":"us-central1-api"},"extension":{},"message":"\u001b[90m> \u001b[39m {\"text\":\"Cool message text\",\"severity\":\"INFO\",\"message\":\"Got API request: addMessage , inputs: \"}"}}
[debug] [2022-09-03T21:30:49.982Z] [runtime-status] [21699] Callable functions auth override {"key":"x-callable-context-auth","value":"%7B%22uid%22%3A%22V6ZhwPXZmMOJhSKjgUNJ5uXHWZsM%22%2C%22token%22%3A%7B%22provider_id%22%3A%22anonymous%22%2C%22auth_time%22%3A1662240607%2C%22user_id%22%3A%22V6ZhwPXZmMOJhSKjgUNJ5uXHWZsM%22%2C%22firebase%22%3A%7B%22identities%22%3A%7B%7D%2C%22sign_in_provider%22%3A%22anonymous%22%7D%2C%22iat%22%3A1662240607%2C%22exp%22%3A1662244207%2C%22aud%22%3A%22f3demo-1e9ca%22%2C%22iss%22%3A%22https%3A%2F%2Fsecuretoken.google.com%2Ff3demo-1e9ca%22%2C%22sub%22%3A%22V6ZhwPXZmMOJhSKjgUNJ5uXHWZsM%22%2C%22uid%22%3A%22V6ZhwPXZmMOJhSKjgUNJ5uXHWZsM%22%7D%7D"} {"metadata":{"emulator":{"name":"functions"},"function":{"name":"us-central1-api"},"extension":{},"message":"[runtime-status] [21699] Callable functions auth override {\"key\":\"x-callable-context-auth\",\"value\":\"%7B%22uid%22%3A%22V6ZhwPXZmMOJhSKjgUNJ5uXHWZsM%22%2C%22token%22%3A%7B%22provider_id%22%3A%22anonymous%22%2C%22auth_time%22%3A1662240607%2C%22user_id%22%3A%22V6ZhwPXZmMOJhSKjgUNJ5uXHWZsM%22%2C%22firebase%22%3A%7B%22identities%22%3A%7B%7D%2C%22sign_in_provider%22%3A%22anonymous%22%7D%2C%22iat%22%3A1662240607%2C%22exp%22%3A1662244207%2C%22aud%22%3A%22f3demo-1e9ca%22%2C%22iss%22%3A%22https%3A%2F%2Fsecuretoken.google.com%2Ff3demo-1e9ca%22%2C%22sub%22%3A%22V6ZhwPXZmMOJhSKjgUNJ5uXHWZsM%22%2C%22uid%22%3A%22V6ZhwPXZmMOJhSKjgUNJ5uXHWZsM%22%7D%7D\"}"}}
[debug] [2022-09-03T21:30:50.013Z] [runtime-status] [21699] Ephemeral server survived. {"metadata":{"emulator":{"name":"functions"},"function":{"name":"us-central1-api"},"extension":{},"message":"[runtime-status] [21699] Ephemeral server survived."}}
[info] i  functions: Finished "api" in ~1s {"metadata":{"emulator":{"name":"functions"},"function":{"name":"us-central1-api"},"extension":{},"message":"Finished \"api\" in ~1s"}}
[debug] [2022-09-03T21:30:50.014Z] [worker-us-central1-api-258959a9-4bec-4f4a-b064-9c8041a922a2]: IDLE {"metadata":{"emulator":{"name":"functions"},"message":"[worker-us-central1-api-258959a9-4bec-4f4a-b064-9c8041a922a2]: IDLE"}}
[debug] [2022-09-03T21:30:50.014Z] [work-queue] {"queueLength":0,"workRunningCount":0}
[debug] [2022-09-03T21:30:50.018Z] Sep 03, 2022 2:30:50 PM io.gapi.emulators.netty.HttpVersionRoutingHandler channelRead
INFO: Detected non-HTTP/2 connection.
 {"metadata":{"emulator":{"name":"firestore"},"message":"Sep 03, 2022 2:30:50 PM io.gapi.emulators.netty.HttpVersionRoutingHandler channelRead\nINFO: Detected non-HTTP/2 connection.\n"}}
[debug] [2022-09-03T21:30:50.031Z] Sep 03, 2022 2:30:50 PM io.gapi.emulators.netty.HttpVersionRoutingHandler channelRead
INFO: Detected non-HTTP/2 connection.
 {"metadata":{"emulator":{"name":"firestore"},"message":"Sep 03, 2022 2:30:50 PM io.gapi.emulators.netty.HttpVersionRoutingHandler channelRead\nINFO: Detected non-HTTP/2 connection.\n"}}
[debug] [2022-09-03T21:30:50.578Z] [work-queue] {"queueLength":1,"workRunningCount":0}
[debug] [2022-09-03T21:30:50.579Z] [work-queue] {"queueLength":0,"workRunningCount":1}
[debug] [2022-09-03T21:30:50.580Z] Accepted request OPTIONS /f3demo-1e9ca/us-central1/api --> us-central1-api
[debug] [2022-09-03T21:30:50.580Z] [worker-pool] submitWork(triggerId=us-central1-api) {"metadata":{"emulator":{"name":"functions"},"message":"[worker-pool] submitWork(triggerId=us-central1-api)"}}
[debug] [2022-09-03T21:30:50.582Z] [worker-us-central1-api-258959a9-4bec-4f4a-b064-9c8041a922a2]: BUSY {"metadata":{"emulator":{"name":"functions"},"message":"[worker-us-central1-api-258959a9-4bec-4f4a-b064-9c8041a922a2]: BUSY"}}
[debug] [2022-09-03T21:30:50.594Z] [runtime-status] [21699] Beginning invocation function api! {"metadata":{"emulator":{"name":"functions"},"function":{"name":"us-central1-api"},"extension":{},"message":"[runtime-status] [21699] Beginning invocation function api!"}}
[info] i  functions: Beginning execution of "api" {"metadata":{"emulator":{"name":"functions"},"function":{"name":"us-central1-api"},"extension":{},"message":"Beginning execution of \"api\""}}
[debug] [2022-09-03T21:30:50.596Z] [runtime-status] [21699] Running api in signature http {"metadata":{"emulator":{"name":"functions"},"function":{"name":"us-central1-api"},"extension":{},"message":"[runtime-status] [21699] Running api in signature http"}}
[debug] [2022-09-03T21:30:50.596Z] [runtime-status] [21699] Listening to port: /var/folders/qr/gxlrzjfj6nn0b3wrxshj8wvm0000gn/T/fire_emu_7ffc8f1f98c35d2a.sock {"metadata":{"emulator":{"name":"functions"},"function":{"name":"us-central1-api"},"extension":{},"message":"[runtime-status] [21699] Listening to port: /var/folders/qr/gxlrzjfj6nn0b3wrxshj8wvm0000gn/T/fire_emu_7ffc8f1f98c35d2a.sock"}}
[debug] [2022-09-03T21:30:50.710Z] [functions] Runtime ready! Sending request! {"metadata":{"emulator":{"name":"functions"},"message":"[functions] Runtime ready! Sending request!"}}
[debug] [2022-09-03T21:30:50.711Z] [functions] Got req.url=/f3demo-1e9ca/us-central1/api, mapping to path=/ {"metadata":{"emulator":{"name":"functions"},"message":"[functions] Got req.url=/f3demo-1e9ca/us-central1/api, mapping to path=/"}}
[debug] [2022-09-03T21:30:50.714Z] [runtime-status] [21699] Ephemeral server handling OPTIONS request {"metadata":{"emulator":{"name":"functions"},"function":{"name":"us-central1-api"},"extension":{},"message":"[runtime-status] [21699] Ephemeral server handling OPTIONS request"}}
[debug] [2022-09-03T21:30:50.716Z] [runtime-status] [21699] Ephemeral server survived. {"metadata":{"emulator":{"name":"functions"},"function":{"name":"us-central1-api"},"extension":{},"message":"[runtime-status] [21699] Ephemeral server survived."}}
[info] i  functions: Finished "api" in ~1s {"metadata":{"emulator":{"name":"functions"},"function":{"name":"us-central1-api"},"extension":{},"message":"Finished \"api\" in ~1s"}}
[debug] [2022-09-03T21:30:50.717Z] [worker-us-central1-api-258959a9-4bec-4f4a-b064-9c8041a922a2]: IDLE {"metadata":{"emulator":{"name":"functions"},"message":"[worker-us-central1-api-258959a9-4bec-4f4a-b064-9c8041a922a2]: IDLE"}}
[debug] [2022-09-03T21:30:50.717Z] [work-queue] {"queueLength":0,"workRunningCount":0}
[debug] [2022-09-03T21:30:50.719Z] [work-queue] {"queueLength":1,"workRunningCount":0}
[debug] [2022-09-03T21:30:50.719Z] [work-queue] {"queueLength":0,"workRunningCount":1}
[debug] [2022-09-03T21:30:50.720Z] Accepted request POST /f3demo-1e9ca/us-central1/api --> us-central1-api
[debug] [2022-09-03T21:30:50.720Z] ID Token: eyJhbGciOiJub25lIiwidHlwIjoiSldUIn0.eyJwcm92aWRlcl9pZCI6ImFub255bW91cyIsImF1dGhfdGltZSI6MTY2MjI0MDYwNywidXNlcl9pZCI6IlY2Wmh3UFhabU1PSmhTS2pnVU5KNXVYSFdac00iLCJmaXJlYmFzZSI6eyJpZGVudGl0aWVzIjp7fSwic2lnbl9pbl9wcm92aWRlciI6ImFub255bW91cyJ9LCJpYXQiOjE2NjIyNDA2MDcsImV4cCI6MTY2MjI0NDIwNywiYXVkIjoiZjNkZW1vLTFlOWNhIiwiaXNzIjoiaHR0cHM6Ly9zZWN1cmV0b2tlbi5nb29nbGUuY29tL2YzZGVtby0xZTljYSIsInN1YiI6IlY2Wmh3UFhabU1PSmhTS2pnVU5KNXVYSFdac00ifQ.
[debug] [2022-09-03T21:30:50.720Z] [worker-pool] submitWork(triggerId=us-central1-api) {"metadata":{"emulator":{"name":"functions"},"message":"[worker-pool] submitWork(triggerId=us-central1-api)"}}
[debug] [2022-09-03T21:30:50.720Z] [worker-us-central1-api-258959a9-4bec-4f4a-b064-9c8041a922a2]: BUSY {"metadata":{"emulator":{"name":"functions"},"message":"[worker-us-central1-api-258959a9-4bec-4f4a-b064-9c8041a922a2]: BUSY"}}
[debug] [2022-09-03T21:30:50.727Z] [runtime-status] [21699] Beginning invocation function api! {"metadata":{"emulator":{"name":"functions"},"function":{"name":"us-central1-api"},"extension":{},"message":"[runtime-status] [21699] Beginning invocation function api!"}}
[info] i  functions: Beginning execution of "api" {"metadata":{"emulator":{"name":"functions"},"function":{"name":"us-central1-api"},"extension":{},"message":"Beginning execution of \"api\""}}
[debug] [2022-09-03T21:30:50.728Z] [runtime-status] [21699] Running api in signature http {"metadata":{"emulator":{"name":"functions"},"function":{"name":"us-central1-api"},"extension":{},"message":"[runtime-status] [21699] Running api in signature http"}}
[debug] [2022-09-03T21:30:50.728Z] [runtime-status] [21699] Listening to port: /var/folders/qr/gxlrzjfj6nn0b3wrxshj8wvm0000gn/T/fire_emu_7ffc8f1f98c35d2a.sock {"metadata":{"emulator":{"name":"functions"},"function":{"name":"us-central1-api"},"extension":{},"message":"[runtime-status] [21699] Listening to port: /var/folders/qr/gxlrzjfj6nn0b3wrxshj8wvm0000gn/T/fire_emu_7ffc8f1f98c35d2a.sock"}}
[debug] [2022-09-03T21:30:50.838Z] [functions] Runtime ready! Sending request! {"metadata":{"emulator":{"name":"functions"},"message":"[functions] Runtime ready! Sending request!"}}
[debug] [2022-09-03T21:30:50.838Z] [functions] Got req.url=/f3demo-1e9ca/us-central1/api, mapping to path=/ {"metadata":{"emulator":{"name":"functions"},"message":"[functions] Got req.url=/f3demo-1e9ca/us-central1/api, mapping to path=/"}}
[debug] [2022-09-03T21:30:50.843Z] [runtime-status] [21699] Ephemeral server handling POST request {"metadata":{"emulator":{"name":"functions"},"function":{"name":"us-central1-api"},"extension":{},"message":"[runtime-status] [21699] Ephemeral server handling POST request"}}
[debug] [2022-09-03T21:30:50.843Z] [runtime-status] [21699] Callable functions auth override {"key":"x-callable-context-auth","value":"%7B%22uid%22%3A%22V6ZhwPXZmMOJhSKjgUNJ5uXHWZsM%22%2C%22token%22%3A%7B%22provider_id%22%3A%22anonymous%22%2C%22auth_time%22%3A1662240607%2C%22user_id%22%3A%22V6ZhwPXZmMOJhSKjgUNJ5uXHWZsM%22%2C%22firebase%22%3A%7B%22identities%22%3A%7B%7D%2C%22sign_in_provider%22%3A%22anonymous%22%7D%2C%22iat%22%3A1662240607%2C%22exp%22%3A1662244207%2C%22aud%22%3A%22f3demo-1e9ca%22%2C%22iss%22%3A%22https%3A%2F%2Fsecuretoken.google.com%2Ff3demo-1e9ca%22%2C%22sub%22%3A%22V6ZhwPXZmMOJhSKjgUNJ5uXHWZsM%22%2C%22uid%22%3A%22V6ZhwPXZmMOJhSKjgUNJ5uXHWZsM%22%7D%7D"} {"metadata":{"emulator":{"name":"functions"},"function":{"name":"us-central1-api"},"extension":{},"message":"[runtime-status] [21699] Callable functions auth override {\"key\":\"x-callable-context-auth\",\"value\":\"%7B%22uid%22%3A%22V6ZhwPXZmMOJhSKjgUNJ5uXHWZsM%22%2C%22token%22%3A%7B%22provider_id%22%3A%22anonymous%22%2C%22auth_time%22%3A1662240607%2C%22user_id%22%3A%22V6ZhwPXZmMOJhSKjgUNJ5uXHWZsM%22%2C%22firebase%22%3A%7B%22identities%22%3A%7B%7D%2C%22sign_in_provider%22%3A%22anonymous%22%7D%2C%22iat%22%3A1662240607%2C%22exp%22%3A1662244207%2C%22aud%22%3A%22f3demo-1e9ca%22%2C%22iss%22%3A%22https%3A%2F%2Fsecuretoken.google.com%2Ff3demo-1e9ca%22%2C%22sub%22%3A%22V6ZhwPXZmMOJhSKjgUNJ5uXHWZsM%22%2C%22uid%22%3A%22V6ZhwPXZmMOJhSKjgUNJ5uXHWZsM%22%7D%7D\"}"}}
[info] >  {"verifications":{"app":"MISSING","auth":"MISSING"},"logging.googleapis.com/labels":{"firebase-log-type":"callable-request-verification"},"severity":"INFO","message":"Callable request verification passed"} {"user":{"verifications":{"app":"MISSING","auth":"MISSING"},"logging.googleapis.com/labels":{"firebase-log-type":"callable-request-verification"},"severity":"INFO","message":"Callable request verification passed"},"metadata":{"emulator":{"name":"functions"},"function":{"name":"us-central1-api"},"extension":{},"message":"\u001b[90m> \u001b[39m {\"verifications\":{\"app\":\"MISSING\",\"auth\":\"MISSING\"},\"logging.googleapis.com/labels\":{\"firebase-log-type\":\"callable-request-verification\"},\"severity\":\"INFO\",\"message\":\"Callable request verification passed\"}"}}
[info] >  {"text":"Cool message text","severity":"INFO","message":"Got API request: addMessage , inputs: "} {"user":{"text":"Cool message text","severity":"INFO","message":"Got API request: addMessage , inputs: "},"metadata":{"emulator":{"name":"functions"},"function":{"name":"us-central1-api"},"extension":{},"message":"\u001b[90m> \u001b[39m {\"text\":\"Cool message text\",\"severity\":\"INFO\",\"message\":\"Got API request: addMessage , inputs: \"}"}}
[debug] [2022-09-03T21:30:50.879Z] [runtime-status] [21699] Ephemeral server survived. {"metadata":{"emulator":{"name":"functions"},"function":{"name":"us-central1-api"},"extension":{},"message":"[runtime-status] [21699] Ephemeral server survived."}}
[info] i  functions: Finished "api" in ~1s {"metadata":{"emulator":{"name":"functions"},"function":{"name":"us-central1-api"},"extension":{},"message":"Finished \"api\" in ~1s"}}
[debug] [2022-09-03T21:30:50.880Z] [worker-us-central1-api-258959a9-4bec-4f4a-b064-9c8041a922a2]: IDLE {"metadata":{"emulator":{"name":"functions"},"message":"[worker-us-central1-api-258959a9-4bec-4f4a-b064-9c8041a922a2]: IDLE"}}
[debug] [2022-09-03T21:30:50.880Z] [work-queue] {"queueLength":0,"workRunningCount":0}
[debug] [2022-09-03T21:30:50.884Z] Sep 03, 2022 2:30:50 PM io.gapi.emulators.netty.HttpVersionRoutingHandler channelRead
INFO: Detected non-HTTP/2 connection.
 {"metadata":{"emulator":{"name":"firestore"},"message":"Sep 03, 2022 2:30:50 PM io.gapi.emulators.netty.HttpVersionRoutingHandler channelRead\nINFO: Detected non-HTTP/2 connection.\n"}}
[debug] [2022-09-03T21:30:50.897Z] Sep 03, 2022 2:30:50 PM io.gapi.emulators.netty.HttpVersionRoutingHandler channelRead
INFO: Detected non-HTTP/2 connection.
 {"metadata":{"emulator":{"name":"firestore"},"message":"Sep 03, 2022 2:30:50 PM io.gapi.emulators.netty.HttpVersionRoutingHandler channelRead\nINFO: Detected non-HTTP/2 connection.\n"}}
[debug] [2022-09-03T21:30:51.330Z] [work-queue] {"queueLength":1,"workRunningCount":0}
[debug] [2022-09-03T21:30:51.331Z] [work-queue] {"queueLength":0,"workRunningCount":1}
[debug] [2022-09-03T21:30:51.332Z] Accepted request POST /f3demo-1e9ca/us-central1/api --> us-central1-api
[debug] [2022-09-03T21:30:51.332Z] ID Token: eyJhbGciOiJub25lIiwidHlwIjoiSldUIn0.eyJwcm92aWRlcl9pZCI6ImFub255bW91cyIsImF1dGhfdGltZSI6MTY2MjI0MDYwNywidXNlcl9pZCI6IlY2Wmh3UFhabU1PSmhTS2pnVU5KNXVYSFdac00iLCJmaXJlYmFzZSI6eyJpZGVudGl0aWVzIjp7fSwic2lnbl9pbl9wcm92aWRlciI6ImFub255bW91cyJ9LCJpYXQiOjE2NjIyNDA2MDcsImV4cCI6MTY2MjI0NDIwNywiYXVkIjoiZjNkZW1vLTFlOWNhIiwiaXNzIjoiaHR0cHM6Ly9zZWN1cmV0b2tlbi5nb29nbGUuY29tL2YzZGVtby0xZTljYSIsInN1YiI6IlY2Wmh3UFhabU1PSmhTS2pnVU5KNXVYSFdac00ifQ.
[debug] [2022-09-03T21:30:51.333Z] [worker-pool] submitWork(triggerId=us-central1-api) {"metadata":{"emulator":{"name":"functions"},"message":"[worker-pool] submitWork(triggerId=us-central1-api)"}}
[debug] [2022-09-03T21:30:51.334Z] [worker-us-central1-api-258959a9-4bec-4f4a-b064-9c8041a922a2]: BUSY {"metadata":{"emulator":{"name":"functions"},"message":"[worker-us-central1-api-258959a9-4bec-4f4a-b064-9c8041a922a2]: BUSY"}}
[debug] [2022-09-03T21:30:51.342Z] [runtime-status] [21699] Beginning invocation function api! {"metadata":{"emulator":{"name":"functions"},"function":{"name":"us-central1-api"},"extension":{},"message":"[runtime-status] [21699] Beginning invocation function api!"}}
[info] i  functions: Beginning execution of "api" {"metadata":{"emulator":{"name":"functions"},"function":{"name":"us-central1-api"},"extension":{},"message":"Beginning execution of \"api\""}}
[debug] [2022-09-03T21:30:51.346Z] [runtime-status] [21699] Running api in signature http {"metadata":{"emulator":{"name":"functions"},"function":{"name":"us-central1-api"},"extension":{},"message":"[runtime-status] [21699] Running api in signature http"}}
[debug] [2022-09-03T21:30:51.346Z] [runtime-status] [21699] Listening to port: /var/folders/qr/gxlrzjfj6nn0b3wrxshj8wvm0000gn/T/fire_emu_7ffc8f1f98c35d2a.sock {"metadata":{"emulator":{"name":"functions"},"function":{"name":"us-central1-api"},"extension":{},"message":"[runtime-status] [21699] Listening to port: /var/folders/qr/gxlrzjfj6nn0b3wrxshj8wvm0000gn/T/fire_emu_7ffc8f1f98c35d2a.sock"}}
[debug] [2022-09-03T21:30:51.454Z] [functions] Runtime ready! Sending request! {"metadata":{"emulator":{"name":"functions"},"message":"[functions] Runtime ready! Sending request!"}}
[debug] [2022-09-03T21:30:51.455Z] [functions] Got req.url=/f3demo-1e9ca/us-central1/api, mapping to path=/ {"metadata":{"emulator":{"name":"functions"},"message":"[functions] Got req.url=/f3demo-1e9ca/us-central1/api, mapping to path=/"}}
[debug] [2022-09-03T21:30:51.468Z] [runtime-status] [21699] Ephemeral server handling POST request {"metadata":{"emulator":{"name":"functions"},"function":{"name":"us-central1-api"},"extension":{},"message":"[runtime-status] [21699] Ephemeral server handling POST request"}}
[info] >  {"verifications":{"app":"MISSING","auth":"MISSING"},"logging.googleapis.com/labels":{"firebase-log-type":"callable-request-verification"},"severity":"INFO","message":"Callable request verification passed"} {"user":{"verifications":{"app":"MISSING","auth":"MISSING"},"logging.googleapis.com/labels":{"firebase-log-type":"callable-request-verification"},"severity":"INFO","message":"Callable request verification passed"},"metadata":{"emulator":{"name":"functions"},"function":{"name":"us-central1-api"},"extension":{},"message":"\u001b[90m> \u001b[39m {\"verifications\":{\"app\":\"MISSING\",\"auth\":\"MISSING\"},\"logging.googleapis.com/labels\":{\"firebase-log-type\":\"callable-request-verification\"},\"severity\":\"INFO\",\"message\":\"Callable request verification passed\"}"}}
[debug] [2022-09-03T21:30:51.471Z] [runtime-status] [21699] Callable functions auth override {"key":"x-callable-context-auth","value":"%7B%22uid%22%3A%22V6ZhwPXZmMOJhSKjgUNJ5uXHWZsM%22%2C%22token%22%3A%7B%22provider_id%22%3A%22anonymous%22%2C%22auth_time%22%3A1662240607%2C%22user_id%22%3A%22V6ZhwPXZmMOJhSKjgUNJ5uXHWZsM%22%2C%22firebase%22%3A%7B%22identities%22%3A%7B%7D%2C%22sign_in_provider%22%3A%22anonymous%22%7D%2C%22iat%22%3A1662240607%2C%22exp%22%3A1662244207%2C%22aud%22%3A%22f3demo-1e9ca%22%2C%22iss%22%3A%22https%3A%2F%2Fsecuretoken.google.com%2Ff3demo-1e9ca%22%2C%22sub%22%3A%22V6ZhwPXZmMOJhSKjgUNJ5uXHWZsM%22%2C%22uid%22%3A%22V6ZhwPXZmMOJhSKjgUNJ5uXHWZsM%22%7D%7D"} {"metadata":{"emulator":{"name":"functions"},"function":{"name":"us-central1-api"},"extension":{},"message":"[runtime-status] [21699] Callable functions auth override {\"key\":\"x-callable-context-auth\",\"value\":\"%7B%22uid%22%3A%22V6ZhwPXZmMOJhSKjgUNJ5uXHWZsM%22%2C%22token%22%3A%7B%22provider_id%22%3A%22anonymous%22%2C%22auth_time%22%3A1662240607%2C%22user_id%22%3A%22V6ZhwPXZmMOJhSKjgUNJ5uXHWZsM%22%2C%22firebase%22%3A%7B%22identities%22%3A%7B%7D%2C%22sign_in_provider%22%3A%22anonymous%22%7D%2C%22iat%22%3A1662240607%2C%22exp%22%3A1662244207%2C%22aud%22%3A%22f3demo-1e9ca%22%2C%22iss%22%3A%22https%3A%2F%2Fsecuretoken.google.com%2Ff3demo-1e9ca%22%2C%22sub%22%3A%22V6ZhwPXZmMOJhSKjgUNJ5uXHWZsM%22%2C%22uid%22%3A%22V6ZhwPXZmMOJhSKjgUNJ5uXHWZsM%22%7D%7D\"}"}}
[info] >  {"text":"Cool message text","severity":"INFO","message":"Got API request: addMessage , inputs: "} {"user":{"text":"Cool message text","severity":"INFO","message":"Got API request: addMessage , inputs: "},"metadata":{"emulator":{"name":"functions"},"function":{"name":"us-central1-api"},"extension":{},"message":"\u001b[90m> \u001b[39m {\"text\":\"Cool message text\",\"severity\":\"INFO\",\"message\":\"Got API request: addMessage , inputs: \"}"}}
[debug] [2022-09-03T21:30:51.517Z] [runtime-status] [21699] Ephemeral server survived. {"metadata":{"emulator":{"name":"functions"},"function":{"name":"us-central1-api"},"extension":{},"message":"[runtime-status] [21699] Ephemeral server survived."}}
[info] i  functions: Finished "api" in ~1s {"metadata":{"emulator":{"name":"functions"},"function":{"name":"us-central1-api"},"extension":{},"message":"Finished \"api\" in ~1s"}}
[debug] [2022-09-03T21:30:51.522Z] [worker-us-central1-api-258959a9-4bec-4f4a-b064-9c8041a922a2]: IDLE {"metadata":{"emulator":{"name":"functions"},"message":"[worker-us-central1-api-258959a9-4bec-4f4a-b064-9c8041a922a2]: IDLE"}}
[debug] [2022-09-03T21:30:51.522Z] [work-queue] {"queueLength":0,"workRunningCount":0}
[debug] [2022-09-03T21:30:51.526Z] Sep 03, 2022 2:30:51 PM io.gapi.emulators.netty.HttpVersionRoutingHandler channelRead
INFO: Detected non-HTTP/2 connection.
 {"metadata":{"emulator":{"name":"firestore"},"message":"Sep 03, 2022 2:30:51 PM io.gapi.emulators.netty.HttpVersionRoutingHandler channelRead\nINFO: Detected non-HTTP/2 connection.\n"}}
[debug] [2022-09-03T21:30:51.544Z] Sep 03, 2022 2:30:51 PM io.gapi.emulators.netty.HttpVersionRoutingHandler channelRead
INFO: Detected non-HTTP/2 connection.
 {"metadata":{"emulator":{"name":"firestore"},"message":"Sep 03, 2022 2:30:51 PM io.gapi.emulators.netty.HttpVersionRoutingHandler channelRead\nINFO: Detected non-HTTP/2 connection.\n"}}
[debug] [2022-09-03T21:31:08.398Z] Sep 03, 2022 2:31:08 PM io.gapi.emulators.netty.HttpVersionRoutingHandler channelRead
INFO: Detected non-HTTP/2 connection.
 {"metadata":{"emulator":{"name":"firestore"},"message":"Sep 03, 2022 2:31:08 PM io.gapi.emulators.netty.HttpVersionRoutingHandler channelRead\nINFO: Detected non-HTTP/2 connection.\n"}}
[debug] [2022-09-03T21:31:08.411Z] Sep 03, 2022 2:31:08 PM io.gapi.emulators.netty.HttpVersionRoutingHandler channelRead
INFO: Detected non-HTTP/2 connection.
 {"metadata":{"emulator":{"name":"firestore"},"message":"Sep 03, 2022 2:31:08 PM io.gapi.emulators.netty.HttpVersionRoutingHandler channelRead\nINFO: Detected non-HTTP/2 connection.\n"}}
[debug] [2022-09-03T21:31:08.426Z] Sep 03, 2022 2:31:08 PM io.gapi.emulators.netty.HttpVersionRoutingHandler channelRead
INFO: Detected non-HTTP/2 connection.
 {"metadata":{"emulator":{"name":"firestore"},"message":"Sep 03, 2022 2:31:08 PM io.gapi.emulators.netty.HttpVersionRoutingHandler channelRead\nINFO: Detected non-HTTP/2 connection.\n"}}
[debug] [2022-09-03T21:31:21.520Z] Sep 03, 2022 2:31:21 PM io.gapi.emulators.netty.HttpVersionRoutingHandler channelRead
INFO: Detected non-HTTP/2 connection.
 {"metadata":{"emulator":{"name":"firestore"},"message":"Sep 03, 2022 2:31:21 PM io.gapi.emulators.netty.HttpVersionRoutingHandler channelRead\nINFO: Detected non-HTTP/2 connection.\n"}}
[debug] [2022-09-03T21:31:24.497Z] Sep 03, 2022 2:31:24 PM io.gapi.emulators.netty.HttpVersionRoutingHandler channelRead
INFO: Detected non-HTTP/2 connection.
 {"metadata":{"emulator":{"name":"firestore"},"message":"Sep 03, 2022 2:31:24 PM io.gapi.emulators.netty.HttpVersionRoutingHandler channelRead\nINFO: Detected non-HTTP/2 connection.\n"}}
[debug] [2022-09-03T21:31:24.520Z] Sep 03, 2022 2:31:24 PM io.gapi.emulators.netty.HttpVersionRoutingHandler channelRead
INFO: Detected non-HTTP/2 connection.
 {"metadata":{"emulator":{"name":"firestore"},"message":"Sep 03, 2022 2:31:24 PM io.gapi.emulators.netty.HttpVersionRoutingHandler channelRead\nINFO: Detected non-HTTP/2 connection.\n"}}
[debug] [2022-09-03T21:31:24.537Z] Sep 03, 2022 2:31:24 PM io.gapi.emulators.netty.HttpVersionRoutingHandler channelRead
INFO: Detected non-HTTP/2 connection.
 {"metadata":{"emulator":{"name":"firestore"},"message":"Sep 03, 2022 2:31:24 PM io.gapi.emulators.netty.HttpVersionRoutingHandler channelRead\nINFO: Detected non-HTTP/2 connection.\n"}}
